0 info it worked if it ends with ok
1 verbose cli [ '/usr/local/bin/node',
1 verbose cli   '/usr/local/bin/npm',
1 verbose cli   'view',
1 verbose cli   '--json',
1 verbose cli   'contentType' ]
2 info using npm@2.14.7
3 info using node@v4.2.3
4 silly mapToRegistry name contentType
5 silly mapToRegistry using default registry
6 silly mapToRegistry registry https://registry.npmjs.org/
7 silly mapToRegistry uri https://registry.npmjs.org/contentType
8 verbose request uri https://registry.npmjs.org/contentType
9 verbose request no auth needed
10 info attempt registry request try #1 at 4:44:25 PM
11 verbose request id f4bc9c02172b09ed
12 http request GET https://registry.npmjs.org/contentType
13 http 404 https://registry.npmjs.org/contentType
14 verbose headers { 'content-type': 'application/json',
14 verbose headers   'cache-control': 'max-age=0',
14 verbose headers   'content-length': '2',
14 verbose headers   'accept-ranges': 'bytes',
14 verbose headers   date: 'Tue, 22 Dec 2015 13:44:26 GMT',
14 verbose headers   via: '1.1 varnish',
14 verbose headers   age: '0',
14 verbose headers   connection: 'keep-alive',
14 verbose headers   'x-served-by': 'cache-lhr6333-LHR',
14 verbose headers   'x-cache': 'MISS',
14 verbose headers   'x-cache-hits': '0',
14 verbose headers   'x-timer': 'S1450791866.472337,VS0,VE173' }
15 silly get cb [ 404,
15 silly get   { 'content-type': 'application/json',
15 silly get     'cache-control': 'max-age=0',
15 silly get     'content-length': '2',
15 silly get     'accept-ranges': 'bytes',
15 silly get     date: 'Tue, 22 Dec 2015 13:44:26 GMT',
15 silly get     via: '1.1 varnish',
15 silly get     age: '0',
15 silly get     connection: 'keep-alive',
15 silly get     'x-served-by': 'cache-lhr6333-LHR',
15 silly get     'x-cache': 'MISS',
15 silly get     'x-cache-hits': '0',
15 silly get     'x-timer': 'S1450791866.472337,VS0,VE173' } ]
16 verbose stack Error: Registry returned 404 for GET on https://registry.npmjs.org/contentType
16 verbose stack     at makeError (/usr/local/lib/node_modules/npm/node_modules/npm-registry-client/lib/request.js:264:12)
16 verbose stack     at CachingRegistryClient.<anonymous> (/usr/local/lib/node_modules/npm/node_modules/npm-registry-client/lib/request.js:242:14)
16 verbose stack     at Request._callback (/usr/local/lib/node_modules/npm/node_modules/npm-registry-client/lib/request.js:172:14)
16 verbose stack     at Request.self.callback (/usr/local/lib/node_modules/npm/node_modules/request/request.js:198:22)
16 verbose stack     at emitTwo (events.js:87:13)
16 verbose stack     at Request.emit (events.js:172:7)
16 verbose stack     at Request.<anonymous> (/usr/local/lib/node_modules/npm/node_modules/request/request.js:1063:14)
16 verbose stack     at emitOne (events.js:82:20)
16 verbose stack     at Request.emit (events.js:169:7)
16 verbose stack     at IncomingMessage.<anonymous> (/usr/local/lib/node_modules/npm/node_modules/request/request.js:1009:12)
17 verbose statusCode 404
18 verbose pkgid contentType
19 verbose cwd /Users/tsv/Projects/web/service
20 error Darwin 15.0.0
21 error argv "/usr/local/bin/node" "/usr/local/bin/npm" "view" "--json" "contentType"
22 error node v4.2.3
23 error npm  v2.14.7
24 error code E404
25 error 404 Registry returned 404 for GET on https://registry.npmjs.org/contentType
25 error 404
25 error 404 'contentType' is not in the npm registry.
25 error 404 Your package name is not valid, because
25 error 404
25 error 404  1. name can no longer contain capital letters
25 error 404
25 error 404 Note that you can also install from a
25 error 404 tarball, folder, http url, or git url.
26 verbose exit [ 1, true ]
