15.05.2013 16:45:55.854 I: --------------------------------------------------
15.05.2013 16:45:55.854 I: Connect to Database ...
15.05.2013 16:45:55.857 I: Connected.
15.05.2013 16:45:55.857 I: [Mysql->query] set names utf8
15.05.2013 16:45:55.857 I: [Mysql->query] SELECT T.* FROM (SELECT A.ACCOUNT_ID, A.LOGIN, A.NAME, A.EMAIL, A.IS_ROLE, M.MAILING_ID, M.SUBJECT, M.BODY, M.HEADERS, M.CREATED, M.PRIORITY FROM MAILING M JOIN ACCOUNTS A ON A.ACCOUNT_ID=M.ACCOUNT_ID WHERE M.SENT IS NULL AND (M.BEGIN IS NULL OR M.BEGIN<=CURRENT_TIMESTAMP) AND (M.END IS NULL OR M.END>=CURRENT_TIMESTAMP) AND A.EMAIL IS NOT NULL AND TRIM(A.EMAIL)<>"" AND A.LOCKED IS NULL AND M.LOCKED IS NULL AND A.IS_ROLE=1 LIMIT 1 UNION ALL SELECT A.ACCOUNT_ID, A.LOGIN, A.NAME, A.EMAIL, A.IS_ROLE, M.MAILING_ID, M.SUBJECT, M.BODY, M.HEADERS, M.CREATED, M.PRIORITY FROM MAILING M JOIN ACCOUNTS A ON A.ACCOUNT_ID=M.ACCOUNT_ID WHERE M.SENT IS NULL AND (M.BEGIN IS NULL OR M.BEGIN<=CURRENT_TIMESTAMP) AND (M.END IS NULL OR M.END>=CURRENT_TIMESTAMP) AND A.EMAIL IS NOT NULL AND TRIM(A.EMAIL)<>"" AND A.LOCKED IS NULL AND M.LOCKED IS NULL AND A.IS_ROLE=0 LIMIT 25) T ORDER BY T.CREATED, T.PRIORITY 
15.05.2013 16:45:55.899 I: [Mysql->query] SELECT LOCKED, SENT FROM MAILING WHERE MAILING_ID='DA66A1B3E04874DC345A59642681AC02' LIMIT 1
15.05.2013 16:45:55.901 I: [Mysql->query] UPDATE `MAILING` SET `LOCKED`=CURRENT_TIMESTAMP WHERE `MAILING_ID`='DA66A1B3E04874DC345A59642681AC02'
15.05.2013 16:45:55.902 I: [Mysql->query] Rows matched: 1  Changed: 1  Warnings: 0
15.05.2013 16:45:55.902 I: [Mysql->query] SELECT A.* FROM ACCOUNT_ROLES AR JOIN ACCOUNTS A ON A.ACCOUNT_ID=AR.ACCOUNT_ID WHERE AR.ROLE_ID='6F0D71F281100F45C4289AD25A8FD402' AND A.LOCKED IS NULL ORDER BY A.EMAIL
15.05.2013 16:45:56.119 I: Client is available. Getting access ...
15.05.2013 16:45:56.119 I: Searching a group analytics-test...
15.05.2013 16:45:57.153 I: Group analytics-test is found. Retrieving members...
15.05.2013 16:45:58.616 I: Member  is not found in list. Removing from group...
15.05.2013 16:45:58.938 E: Expected response code 200, got 400
Invalid request URI
15.05.2013 16:45:58.938 E: Could not sync the google group analytics-test
15.05.2013 16:45:58.938 E: Mailing DA66A1B3E04874DC345A59642681AC02 has not sent. Error is 
15.05.2013 16:45:58.939 I: [Mysql->query] UPDATE `MAILING` SET `SENT`=NULL,`RESULT`='',`LOCKED`=NULL WHERE `MAILING_ID`='DA66A1B3E04874DC345A59642681AC02'
15.05.2013 16:45:58.959 I: [Mysql->query] Rows matched: 1  Changed: 1  Warnings: 0
15.05.2013 16:45:58.959 I: Execution time is 3.1055748462677
