17.05.2013 15:26:21.942 I: --------------------------------------------------
17.05.2013 15:26:21.942 I: Connect to Database ...
17.05.2013 15:26:21.945 I: Connected.
17.05.2013 15:26:21.945 I: [Mysql->query] set names utf8
17.05.2013 15:26:21.945 I: [Mysql->query] SELECT T.* FROM (SELECT A.ACCOUNT_ID, A.LOGIN, A.NAME, A.EMAIL, A.IS_ROLE, M.MAILING_ID, M.SUBJECT, M.BODY, M.HEADERS, M.CREATED, M.PRIORITY FROM MAILING M JOIN ACCOUNTS A ON A.ACCOUNT_ID=M.ACCOUNT_ID WHERE M.SENT IS NULL AND (M.BEGIN IS NULL OR M.BEGIN<=CURRENT_TIMESTAMP) AND (M.END IS NULL OR M.END>=CURRENT_TIMESTAMP) AND A.EMAIL IS NOT NULL AND TRIM(A.EMAIL)<>"" AND A.LOCKED IS NULL AND M.LOCKED IS NULL AND A.IS_ROLE=1 LIMIT 1 UNION ALL SELECT A.ACCOUNT_ID, A.LOGIN, A.NAME, A.EMAIL, A.IS_ROLE, M.MAILING_ID, M.SUBJECT, M.BODY, M.HEADERS, M.CREATED, M.PRIORITY FROM MAILING M JOIN ACCOUNTS A ON A.ACCOUNT_ID=M.ACCOUNT_ID WHERE M.SENT IS NULL AND (M.BEGIN IS NULL OR M.BEGIN<=CURRENT_TIMESTAMP) AND (M.END IS NULL OR M.END>=CURRENT_TIMESTAMP) AND A.EMAIL IS NOT NULL AND TRIM(A.EMAIL)<>"" AND A.LOCKED IS NULL AND M.LOCKED IS NULL AND A.IS_ROLE=0 LIMIT 25) T ORDER BY T.CREATED, T.PRIORITY 
17.05.2013 15:26:21.987 I: [Mysql->query] SELECT LOCKED, SENT FROM MAILING WHERE MAILING_ID='9C717C6B3DEA6BE79FF18C483A53212D' LIMIT 1
17.05.2013 15:26:21.988 I: [Mysql->query] UPDATE `MAILING` SET `LOCKED`=CURRENT_TIMESTAMP WHERE `MAILING_ID`='9C717C6B3DEA6BE79FF18C483A53212D'
17.05.2013 15:26:22.010 I: [Mysql->query] Rows matched: 1  Changed: 1  Warnings: 0
17.05.2013 15:26:22.010 I: [Mysql->query] SELECT A.* FROM ACCOUNT_ROLES AR JOIN ACCOUNTS A ON A.ACCOUNT_ID=AR.ACCOUNT_ID WHERE AR.ROLE_ID='6F0D71F281100F45C4289AD25A8FD402' AND A.LOCKED IS NULL ORDER BY A.EMAIL
17.05.2013 15:26:22.147 I: Client is available. Getting access ...
17.05.2013 15:26:22.148 I: Searching a group analytics-test...
17.05.2013 15:26:23.093 I: Group analytics-test is found. Retrieving members...
17.05.2013 15:26:24.402 I: Member tsv@nextsoft.ru is not found in list. Removing from group...
17.05.2013 15:26:26.236 I: Adding new member bkv@ufs-federation.com into group analytics-test...
17.05.2013 15:26:27.999 I: New member bkv@ufs-federation.com has added into group analytics-test successfully.
17.05.2013 15:26:27.999 I: Adding new member tefin@mail.ru into group analytics-test...
17.05.2013 15:26:29.962 I: New member tefin@mail.ru has added into group analytics-test successfully.
17.05.2013 15:26:30.071 I: Mailing 9C717C6B3DEA6BE79FF18C483A53212D has sent successfully at 2013-05-17 15:26:30
17.05.2013 15:26:30.071 I: [Mysql->query] UPDATE `MAILING` SET `SENT`=CURRENT_TIMESTAMP,`RESULT`=NULL,`LOCKED`=NULL WHERE `MAILING_ID`='9C717C6B3DEA6BE79FF18C483A53212D'
17.05.2013 15:26:30.082 I: [Mysql->query] Rows matched: 1  Changed: 1  Warnings: 0
17.05.2013 15:26:30.082 I: Execution time is 8.14022397995
