12.09.2012 18:53:42.531 I: --------------------------------------------------
12.09.2012 18:53:42.532 I: Starting ...
12.09.2012 18:53:42.866 I: [MSSql->Query] SET ANSI_WARNINGS ON
12.09.2012 18:53:42.948 I: [MSSql->Query] SET ANSI_NULLS ON
12.09.2012 18:53:43.032 I: Bloomberg database is connected. Selecting data ...
12.09.2012 18:53:43.033 I: [MSSql->getRecords] SELECT * FROM [BLOOMBERG_XLS]...[FI$]
12.09.2012 18:53:43.168 I: There are 5 record(s)
12.09.2012 18:53:43.168 I: ---
12.09.2012 18:53:43.168 I: ALFA BANK
12.09.2012 18:53:43.169 I: ALFARU 7 7/8 09/25/17
12.09.2012 18:53:43.169 I: XS0544362972
12.09.2012 18:53:43.169 I: 
12.09.2012 18:53:43.169 I: 
12.09.2012 18:53:43.170 I: 108.625
12.09.2012 18:53:43.170 I: ---
12.09.2012 18:53:43.170 I: REPUBLIC OF BELA
12.09.2012 18:53:43.171 I: BELRUS 8 3/4 08/03/15
12.09.2012 18:53:43.171 I: XS0529394701
12.09.2012 18:53:43.171 I: 99.689
12.09.2012 18:53:43.171 I: 100.815
12.09.2012 18:53:43.172 I: 100.08
12.09.2012 18:53:43.172 I: ---
12.09.2012 18:53:43.172 I: GAZPROM
12.09.2012 18:53:43.173 I: GAZPRU 10 1/2 03/25/14
12.09.2012 18:53:43.173 I: XS0420135443
12.09.2012 18:53:43.173 I: 111.932
12.09.2012 18:53:43.173 I: 112.554
12.09.2012 18:53:43.173 I: 112.243
12.09.2012 18:53:43.174 I: ---
12.09.2012 18:53:43.174 I: GAZPROMBANK
12.09.2012 18:53:43.174 I: GPBRU 6 1/4 12/15/14
12.09.2012 18:53:43.174 I: XS0531270964
12.09.2012 18:53:43.175 I: 105.974
12.09.2012 18:53:43.175 I: 106.579
12.09.2012 18:53:43.175 I: 106.002
12.09.2012 18:53:43.175 I: ---
12.09.2012 18:53:43.176 I: SBERBANK
12.09.2012 18:53:43.176 I: SBERRU 5.4 03/24/17
12.09.2012 18:53:43.176 I: XS0543956717
12.09.2012 18:53:43.176 I: 108.083
12.09.2012 18:53:43.177 I: 108.764
12.09.2012 18:53:43.177 I: 108.322
12.09.2012 18:53:43.177 I: Game over :-)
