12.09.2012 18:53:35.775 I: --------------------------------------------------
12.09.2012 18:53:35.775 I: Starting ...
12.09.2012 18:53:36.114 I: [MSSql->Query] SET ANSI_WARNINGS ON
12.09.2012 18:53:36.198 I: [MSSql->Query] SET ANSI_NULLS ON
12.09.2012 18:53:36.284 I: Bloomberg database is connected. Selecting data ...
12.09.2012 18:53:36.284 I: [MSSql->getRecords] SELECT * FROM [BLOOMBERG_XLS]...[FI$]
12.09.2012 18:53:36.417 I: There are 5 record(s)
12.09.2012 18:53:36.417 I: ---
12.09.2012 18:53:36.417 I: ALFA BANK
12.09.2012 18:53:36.417 I: ALFARU 7 7/8 09/25/17
12.09.2012 18:53:36.418 I: XS0544362972
12.09.2012 18:53:36.418 I: 
12.09.2012 18:53:36.418 I: 
12.09.2012 18:53:36.418 I: 108.625
12.09.2012 18:53:36.418 I: ---
12.09.2012 18:53:36.419 I: REPUBLIC OF BELA
12.09.2012 18:53:36.419 I: BELRUS 8 3/4 08/03/15
12.09.2012 18:53:36.419 I: XS0529394701
12.09.2012 18:53:36.419 I: 99.689
12.09.2012 18:53:36.420 I: 100.815
12.09.2012 18:53:36.420 I: 100.08
12.09.2012 18:53:36.420 I: ---
12.09.2012 18:53:36.420 I: GAZPROM
12.09.2012 18:53:36.420 I: GAZPRU 10 1/2 03/25/14
12.09.2012 18:53:36.421 I: XS0420135443
12.09.2012 18:53:36.421 I: 111.932
12.09.2012 18:53:36.421 I: 112.554
12.09.2012 18:53:36.421 I: 112.243
12.09.2012 18:53:36.421 I: ---
12.09.2012 18:53:36.422 I: GAZPROMBANK
12.09.2012 18:53:36.422 I: GPBRU 6 1/4 12/15/14
12.09.2012 18:53:36.422 I: XS0531270964
12.09.2012 18:53:36.422 I: 105.974
12.09.2012 18:53:36.422 I: 106.579
12.09.2012 18:53:36.423 I: 106.002
12.09.2012 18:53:36.423 I: ---
12.09.2012 18:53:36.423 I: SBERBANK
12.09.2012 18:53:36.423 I: SBERRU 5.4 03/24/17
12.09.2012 18:53:36.423 I: XS0543956717
12.09.2012 18:53:36.423 I: 108.083
12.09.2012 18:53:36.424 I: 108.764
12.09.2012 18:53:36.424 I: 108.322
12.09.2012 18:53:36.424 I: Game over :-)
