28.06.2013 16:28:35.280 I: --------------------------------------------------
28.06.2013 16:28:35.281 I: Connect to Database ...
28.06.2013 16:28:35.286 I: Connected.
28.06.2013 16:28:35.286 I: [Mysql->query] set names utf8
28.06.2013 16:28:35.290 I: [Mysql->query] select * from params where ident='PREV_CLOSE_VAL' limit 1
28.06.2013 16:28:35.292 I: [Mysql->query] select * from portfolios where locked is null order by created
28.06.2013 16:28:35.294 I: Portfolios are found (3)
28.06.2013 16:28:35.294 I: Portfolio name is Модельный портфель and id is 3.
28.06.2013 16:28:35.294 I: [Mysql->query] select ph.portfolio_history_id, ph.rest from portfolio_history ph left join (select portfolio_history_id, count(*) as cnt from portfolio_history_parts where portfolio_history_id in (select portfolio_history_id from portfolio_history where portfolio_id=3) group by 1) t on t.portfolio_history_id=ph.portfolio_history_id where ph.portfolio_id=3 and t.cnt>0 order by ph.created desc 
28.06.2013 16:28:35.300 I: Portfolio history id is 49.
28.06.2013 16:28:35.301 I: [Mysql->query] select t.*, i.currency_id from (select instrument_id, operation, position, value, max(instrument_value_id) as instrument_value_id, max(exchange_rate_id) as exchange_rate_id, sum(amount) as amount from (select instrument_id, "keep" as operation, position, value, instrument_value_id, exchange_rate_id, amount from portfolio_history_parts where portfolio_history_id=49 and operation in ("keep","buy")) t group by 1,2,3,4) t join instruments i on i.instrument_id=t.instrument_id 
28.06.2013 16:28:42.845 I: [Mysql->query] INSERT INTO `portfolio_history` (`portfolio_id`,`method`,`rest`) VALUES ('3','auto','1850000.00')
28.06.2013 16:28:42.860 I: [Mysql->query] select instrument_value_id, value_number from instrument_values where param_id=1 and instrument_id=1 order by created desc limit 1 
28.06.2013 16:28:42.863 I: [Mysql->query] INSERT INTO `portfolio_history_parts` (`portfolio_history_id`,`instrument_id`,`operation`,`instrument_value_id`,`exchange_rate_id`,`position`,`amount`,`value`,`priority`) VALUES ('51','1','keep','852',NULL,'long','12100','107.75','1')
28.06.2013 16:28:42.865 I: [Mysql->query] select instrument_value_id, value_number from instrument_values where param_id=1 and instrument_id=2 order by created desc limit 1 
28.06.2013 16:28:42.866 I: [Mysql->query] INSERT INTO `portfolio_history_parts` (`portfolio_history_id`,`instrument_id`,`operation`,`instrument_value_id`,`exchange_rate_id`,`position`,`amount`,`value`,`priority`) VALUES ('51','2','keep','853',NULL,'long','1000','1859.1','2')
28.06.2013 16:28:42.868 I: [Mysql->query] select instrument_value_id, value_number from instrument_values where param_id=1 and instrument_id=3 order by created desc limit 1 
28.06.2013 16:28:42.869 I: [Mysql->query] INSERT INTO `portfolio_history_parts` (`portfolio_history_id`,`instrument_id`,`operation`,`instrument_value_id`,`exchange_rate_id`,`position`,`amount`,`value`,`priority`) VALUES ('51','3','keep','854',NULL,'short','5000000','0.10413','3')
28.06.2013 16:28:42.871 I: [Mysql->query] select instrument_value_id, value_number from instrument_values where param_id=1 and instrument_id=4 order by created desc limit 1 
28.06.2013 16:28:42.872 I: [Mysql->query] INSERT INTO `portfolio_history_parts` (`portfolio_history_id`,`instrument_id`,`operation`,`instrument_value_id`,`exchange_rate_id`,`position`,`amount`,`value`,`priority`) VALUES ('51','4','keep','855',NULL,'long','2000000','0.2447','4')
28.06.2013 16:28:42.874 I: [Mysql->query] select instrument_value_id, value_number from instrument_values where param_id=1 and instrument_id=5 order by created desc limit 1 
28.06.2013 16:28:42.876 I: [Mysql->query] INSERT INTO `portfolio_history_parts` (`portfolio_history_id`,`instrument_id`,`operation`,`instrument_value_id`,`exchange_rate_id`,`position`,`amount`,`value`,`priority`) VALUES ('51','5','keep','856',NULL,'short','50000000','0.04741','5')
28.06.2013 16:28:42.878 I: [Mysql->query] select instrument_value_id, value_number from instrument_values where param_id=1 and instrument_id=6 order by created desc limit 1 
28.06.2013 16:28:42.879 I: [Mysql->query] INSERT INTO `portfolio_history_parts` (`portfolio_history_id`,`instrument_id`,`operation`,`instrument_value_id`,`exchange_rate_id`,`position`,`amount`,`value`,`priority`) VALUES ('51','6','keep','857',NULL,'long','6900','95.3','6')
28.06.2013 16:28:42.881 I: Portfolio name is Модельный портфель #21 and id is 4.
28.06.2013 16:28:42.881 I: [Mysql->query] select ph.portfolio_history_id, ph.rest from portfolio_history ph left join (select portfolio_history_id, count(*) as cnt from portfolio_history_parts where portfolio_history_id in (select portfolio_history_id from portfolio_history where portfolio_id=4) group by 1) t on t.portfolio_history_id=ph.portfolio_history_id where ph.portfolio_id=4 and t.cnt>0 order by ph.created desc 
28.06.2013 16:28:42.883 E: Portfolio history is not found.
28.06.2013 16:28:42.883 I: Portfolio name is Модельный портфель #3 and id is 5.
28.06.2013 16:28:42.883 I: [Mysql->query] select ph.portfolio_history_id, ph.rest from portfolio_history ph left join (select portfolio_history_id, count(*) as cnt from portfolio_history_parts where portfolio_history_id in (select portfolio_history_id from portfolio_history where portfolio_id=5) group by 1) t on t.portfolio_history_id=ph.portfolio_history_id where ph.portfolio_id=5 and t.cnt>0 order by ph.created desc 
28.06.2013 16:28:42.884 E: Portfolio history is not found.
28.06.2013 16:28:42.884 I: Execution time is 7.6041548252106
