01.07.2013 17:53:13.507 I: --------------------------------------------------
01.07.2013 17:53:13.507 I: Connect to Database ...
01.07.2013 17:53:13.508 I: Connected.
01.07.2013 17:53:13.509 I: [Mysql->query] set names utf8
01.07.2013 17:53:13.509 I: [Mysql->query] select * from params where ident='PREV_CLOSE_VAL' limit 1
01.07.2013 17:53:13.510 I: [Mysql->query] select * from portfolios where locked is null order by created
01.07.2013 17:53:13.511 I: Portfolios are found (3)
01.07.2013 17:53:13.512 I: Portfolio name is Модельный портфель and id is 3.
01.07.2013 17:53:13.512 I: [Mysql->query] select ph.portfolio_history_id, ph.rest from portfolio_history ph left join (select portfolio_history_id, count(*) as cnt from portfolio_history_parts where portfolio_history_id in (select portfolio_history_id from portfolio_history where portfolio_id=3) group by 1) t on t.portfolio_history_id=ph.portfolio_history_id where ph.portfolio_id=3 and t.cnt>0 order by ph.created desc 
01.07.2013 17:53:13.513 I: Portfolio history id is 49.
01.07.2013 17:53:13.514 I: [Mysql->query] select t.*, i.currency_id from (select instrument_id, operation, position, value, max(instrument_value_id) as instrument_value_id, max(exchange_rate_id) as exchange_rate_id, sum(amount) as amount from (select instrument_id, "keep" as operation, position, value, instrument_value_id, exchange_rate_id, amount from portfolio_history_parts where portfolio_history_id=49 and operation in ("keep","buy")) t group by 1,2,3,4) t join instruments i on i.instrument_id=t.instrument_id 
01.07.2013 17:53:13.516 I: [Mysql->query] INSERT INTO `portfolio_history` (`portfolio_id`,`method`,`rest`) VALUES ('3','auto','1850000.00')
01.07.2013 17:53:13.531 I: [Mysql->query] select instrument_value_id, value_number from instrument_values where param_id=1 and instrument_id=1 order by created desc limit 1 
01.07.2013 17:53:13.533 I: [Mysql->query] INSERT INTO `portfolio_history_parts` (`portfolio_history_id`,`instrument_id`,`operation`,`instrument_value_id`,`exchange_rate_id`,`position`,`amount`,`value`,`priority`) VALUES ('52','1','keep','852',NULL,'long','12100','107.75','1')
01.07.2013 17:53:13.537 I: [Mysql->query] select instrument_value_id, value_number from instrument_values where param_id=1 and instrument_id=2 order by created desc limit 1 
01.07.2013 17:53:13.539 I: [Mysql->query] INSERT INTO `portfolio_history_parts` (`portfolio_history_id`,`instrument_id`,`operation`,`instrument_value_id`,`exchange_rate_id`,`position`,`amount`,`value`,`priority`) VALUES ('52','2','keep','853',NULL,'long','1000','1859.1','2')
01.07.2013 17:53:13.541 I: [Mysql->query] select instrument_value_id, value_number from instrument_values where param_id=1 and instrument_id=3 order by created desc limit 1 
01.07.2013 17:53:13.544 I: [Mysql->query] INSERT INTO `portfolio_history_parts` (`portfolio_history_id`,`instrument_id`,`operation`,`instrument_value_id`,`exchange_rate_id`,`position`,`amount`,`value`,`priority`) VALUES ('52','3','keep','854',NULL,'short','5000000','0.10413','3')
01.07.2013 17:53:13.548 I: [Mysql->query] select instrument_value_id, value_number from instrument_values where param_id=1 and instrument_id=4 order by created desc limit 1 
01.07.2013 17:53:13.551 I: [Mysql->query] INSERT INTO `portfolio_history_parts` (`portfolio_history_id`,`instrument_id`,`operation`,`instrument_value_id`,`exchange_rate_id`,`position`,`amount`,`value`,`priority`) VALUES ('52','4','keep','855',NULL,'long','2000000','0.2447','4')
01.07.2013 17:53:13.553 I: [Mysql->query] select instrument_value_id, value_number from instrument_values where param_id=1 and instrument_id=5 order by created desc limit 1 
01.07.2013 17:53:13.557 I: [Mysql->query] INSERT INTO `portfolio_history_parts` (`portfolio_history_id`,`instrument_id`,`operation`,`instrument_value_id`,`exchange_rate_id`,`position`,`amount`,`value`,`priority`) VALUES ('52','5','keep','856',NULL,'short','50000000','0.04741','5')
01.07.2013 17:53:13.561 I: [Mysql->query] select instrument_value_id, value_number from instrument_values where param_id=1 and instrument_id=6 order by created desc limit 1 
01.07.2013 17:53:13.564 I: [Mysql->query] INSERT INTO `portfolio_history_parts` (`portfolio_history_id`,`instrument_id`,`operation`,`instrument_value_id`,`exchange_rate_id`,`position`,`amount`,`value`,`priority`) VALUES ('52','6','keep','857',NULL,'long','6900','95.3','6')
01.07.2013 17:53:13.568 I: Portfolio name is Модельный портфель #21 and id is 4.
01.07.2013 17:53:13.570 I: [Mysql->query] select ph.portfolio_history_id, ph.rest from portfolio_history ph left join (select portfolio_history_id, count(*) as cnt from portfolio_history_parts where portfolio_history_id in (select portfolio_history_id from portfolio_history where portfolio_id=4) group by 1) t on t.portfolio_history_id=ph.portfolio_history_id where ph.portfolio_id=4 and t.cnt>0 order by ph.created desc 
01.07.2013 17:53:13.572 E: Portfolio history is not found.
01.07.2013 17:53:13.574 I: Portfolio name is Модельный портфель #3 and id is 5.
01.07.2013 17:53:13.575 I: [Mysql->query] select ph.portfolio_history_id, ph.rest from portfolio_history ph left join (select portfolio_history_id, count(*) as cnt from portfolio_history_parts where portfolio_history_id in (select portfolio_history_id from portfolio_history where portfolio_id=5) group by 1) t on t.portfolio_history_id=ph.portfolio_history_id where ph.portfolio_id=5 and t.cnt>0 order by ph.created desc 
01.07.2013 17:53:13.577 E: Portfolio history is not found.
01.07.2013 17:53:13.577 I: Execution time is 0.0708909034729
