03.07.2013 09:05:27.290 I: --------------------------------------------------
03.07.2013 09:05:27.293 I: Connect to Database ...
03.07.2013 09:05:27.295 I: Connected.
03.07.2013 09:05:27.296 I: [Mysql->query] set names utf8
03.07.2013 09:05:27.298 I: [Mysql->query] select * from params where ident='PREV_CLOSE_VAL' limit 1
03.07.2013 09:05:27.299 I: [Mysql->query] select * from portfolios where locked is null order by created
03.07.2013 09:05:27.300 I: Portfolios are found (3)
03.07.2013 09:05:27.301 I: Portfolio name is Модельный портфель and id is 3.
03.07.2013 09:05:27.302 I: [Mysql->query] select ph.portfolio_history_id, ph.rest from portfolio_history ph left join (select portfolio_history_id, count(*) as cnt from portfolio_history_parts where portfolio_history_id in (select portfolio_history_id from portfolio_history where portfolio_id=3) group by 1) t on t.portfolio_history_id=ph.portfolio_history_id where ph.portfolio_id=3 and t.cnt>0 order by ph.created desc 
03.07.2013 09:05:27.304 I: Portfolio history id is 52.
03.07.2013 09:05:27.305 I: [Mysql->query] select t.*, i.currency_id from (select instrument_id, operation, position, value, max(instrument_value_id) as instrument_value_id, max(exchange_rate_id) as exchange_rate_id, sum(amount) as amount from (select instrument_id, "keep" as operation, position, value, instrument_value_id, exchange_rate_id, amount from portfolio_history_parts where portfolio_history_id=52 and operation in ("keep","buy")) t group by 1,2,3,4) t join instruments i on i.instrument_id=t.instrument_id 
03.07.2013 09:05:27.307 I: [Mysql->query] INSERT INTO `portfolio_history` (`portfolio_id`,`method`,`rest`) VALUES ('3','auto','1850000.00')
03.07.2013 09:05:27.344 I: [Mysql->query] select instrument_value_id, value_number from instrument_values where param_id=1 and instrument_id=1 order by created desc limit 1 
03.07.2013 09:05:27.346 I: [Mysql->query] INSERT INTO `portfolio_history_parts` (`portfolio_history_id`,`instrument_id`,`operation`,`instrument_value_id`,`exchange_rate_id`,`position`,`amount`,`value`,`priority`) VALUES ('53','1','keep','880',NULL,'long','12100','109.29','1')
03.07.2013 09:05:27.348 I: [Mysql->query] select instrument_value_id, value_number from instrument_values where param_id=1 and instrument_id=2 order by created desc limit 1 
03.07.2013 09:05:27.349 I: [Mysql->query] INSERT INTO `portfolio_history_parts` (`portfolio_history_id`,`instrument_id`,`operation`,`instrument_value_id`,`exchange_rate_id`,`position`,`amount`,`value`,`priority`) VALUES ('53','2','keep','881',NULL,'long','1000','1917.7','2')
03.07.2013 09:05:27.350 I: [Mysql->query] select instrument_value_id, value_number from instrument_values where param_id=1 and instrument_id=3 order by created desc limit 1 
03.07.2013 09:05:27.352 I: [Mysql->query] INSERT INTO `portfolio_history_parts` (`portfolio_history_id`,`instrument_id`,`operation`,`instrument_value_id`,`exchange_rate_id`,`position`,`amount`,`value`,`priority`) VALUES ('53','3','keep','882',NULL,'short','5000000','0.10418','3')
03.07.2013 09:05:27.353 I: [Mysql->query] select instrument_value_id, value_number from instrument_values where param_id=1 and instrument_id=4 order by created desc limit 1 
03.07.2013 09:05:27.354 I: [Mysql->query] INSERT INTO `portfolio_history_parts` (`portfolio_history_id`,`instrument_id`,`operation`,`instrument_value_id`,`exchange_rate_id`,`position`,`amount`,`value`,`priority`) VALUES ('53','4','keep','883',NULL,'long','2000000','0.2453','4')
03.07.2013 09:05:27.357 I: [Mysql->query] select instrument_value_id, value_number from instrument_values where param_id=1 and instrument_id=5 order by created desc limit 1 
03.07.2013 09:05:27.360 I: [Mysql->query] INSERT INTO `portfolio_history_parts` (`portfolio_history_id`,`instrument_id`,`operation`,`instrument_value_id`,`exchange_rate_id`,`position`,`amount`,`value`,`priority`) VALUES ('53','5','keep','884',NULL,'short','50000000','0.04749','5')
03.07.2013 09:05:27.361 I: [Mysql->query] select instrument_value_id, value_number from instrument_values where param_id=1 and instrument_id=6 order by created desc limit 1 
03.07.2013 09:05:27.363 I: [Mysql->query] INSERT INTO `portfolio_history_parts` (`portfolio_history_id`,`instrument_id`,`operation`,`instrument_value_id`,`exchange_rate_id`,`position`,`amount`,`value`,`priority`) VALUES ('53','6','keep','885',NULL,'long','6900','96.5','6')
03.07.2013 09:05:27.365 I: Portfolio name is Модельный портфель #21 and id is 4.
03.07.2013 09:05:27.366 I: [Mysql->query] select ph.portfolio_history_id, ph.rest from portfolio_history ph left join (select portfolio_history_id, count(*) as cnt from portfolio_history_parts where portfolio_history_id in (select portfolio_history_id from portfolio_history where portfolio_id=4) group by 1) t on t.portfolio_history_id=ph.portfolio_history_id where ph.portfolio_id=4 and t.cnt>0 order by ph.created desc 
03.07.2013 09:05:27.368 E: Portfolio history is not found.
03.07.2013 09:05:27.368 I: Portfolio name is Модельный портфель #3 and id is 5.
03.07.2013 09:05:27.370 I: [Mysql->query] select ph.portfolio_history_id, ph.rest from portfolio_history ph left join (select portfolio_history_id, count(*) as cnt from portfolio_history_parts where portfolio_history_id in (select portfolio_history_id from portfolio_history where portfolio_id=5) group by 1) t on t.portfolio_history_id=ph.portfolio_history_id where ph.portfolio_id=5 and t.cnt>0 order by ph.created desc 
03.07.2013 09:05:27.371 E: Portfolio history is not found.
03.07.2013 09:05:27.371 I: Execution time is 0.080978155136108
