28.06.2013 13:30:52.092 I: --------------------------------------------------
28.06.2013 13:30:52.092 I: Connect to Database ...
28.06.2013 13:30:52.882 I: Connected.
28.06.2013 13:30:52.882 I: [Mysql->query] set names utf8
28.06.2013 13:30:52.884 I: [Mysql->query] select * from params where ident='PREV_CLOSE_VAL' limit 1
28.06.2013 13:30:53.605 I: [Mysql->query] select * from portfolios where locked is null order by created
28.06.2013 13:30:53.608 I: Portfolios are found (3)
28.06.2013 13:30:53.608 I: Portfolio name is Модельный портфель and id is 3.
28.06.2013 13:30:53.609 I: [Mysql->query] select ph.portfolio_history_id, ph.rest from portfolio_history ph left join (select portfolio_history_id, count(*) as cnt from portfolio_history_parts where portfolio_history_id in (select portfolio_history_id from portfolio_history where portfolio_id=3) group by 1) t on t.portfolio_history_id=ph.portfolio_history_id where ph.portfolio_id=3 and t.cnt>0 order by ph.created desc 
28.06.2013 13:30:53.613 I: Portfolio history id is 44.
28.06.2013 13:30:53.614 I: [Mysql->query] select t.*, i.currency_id from (select instrument_id, operation, position, value, max(instrument_value_id) as instrument_value_id, max(exchange_rate_id) as exchange_rate_id, sum(amount) as amount from (select instrument_id, "keep" as operation, position, value, instrument_value_id, exchange_rate_id, amount from portfolio_history_parts where portfolio_history_id=44 and operation in ("keep","buy")) t group by 1,2,3,4) t join instruments i on i.instrument_id=t.instrument_id 
28.06.2013 13:30:55.255 I: [Mysql->query] INSERT INTO `portfolio_history` (`portfolio_id`,`method`,`rest`) VALUES ('3','auto','1850000.00')
28.06.2013 13:30:55.272 I: [Mysql->query] select instrument_value_id, value_number from instrument_values where param_id=1 and instrument_id=1 order by created desc limit 1 
28.06.2013 13:31:23.306 I: [Mysql->query] INSERT INTO `portfolio_history_part` (`portfolio_history_id`,`instrument_id`,`operation`,`instrument_value_id`,`exchange_rate_id`,`position`,`amount`,`value`,`priority`) VALUES ('48','1','keep','852',NULL,'long','12100','107.75','1')
28.06.2013 13:31:23.308 E: [Mysql->query] Table 'ufs-federa_artcs.portfolio_history_part' doesn't exist
28.06.2013 13:31:25.489 I: [Mysql->query] select instrument_value_id, value_number from instrument_values where param_id=1 and instrument_id=2 order by created desc limit 1 
28.06.2013 13:31:37.834 I: [Mysql->query] INSERT INTO `portfolio_history_part` (`portfolio_history_id`,`instrument_id`,`operation`,`instrument_value_id`,`exchange_rate_id`,`position`,`amount`,`value`,`priority`) VALUES ('48','2','keep','853',NULL,'long','1000','1859.1','2')
28.06.2013 13:31:37.836 E: [Mysql->query] Table 'ufs-federa_artcs.portfolio_history_part' doesn't exist
28.06.2013 13:31:40.240 I: [Mysql->query] select instrument_value_id, value_number from instrument_values where param_id=1 and instrument_id=3 order by created desc limit 1 
28.06.2013 13:31:42.111 I: [Mysql->query] INSERT INTO `portfolio_history_part` (`portfolio_history_id`,`instrument_id`,`operation`,`instrument_value_id`,`exchange_rate_id`,`position`,`amount`,`value`,`priority`) VALUES ('48','3','keep','854',NULL,'short','5000000','0.10413','3')
28.06.2013 13:31:42.113 E: [Mysql->query] Table 'ufs-federa_artcs.portfolio_history_part' doesn't exist
28.06.2013 13:31:42.113 I: [Mysql->query] select instrument_value_id, value_number from instrument_values where param_id=1 and instrument_id=4 order by created desc limit 1 
28.06.2013 13:31:43.869 I: [Mysql->query] INSERT INTO `portfolio_history_part` (`portfolio_history_id`,`instrument_id`,`operation`,`instrument_value_id`,`exchange_rate_id`,`position`,`amount`,`value`,`priority`) VALUES ('48','4','keep','855',NULL,'long','2000000','0.2447','4')
28.06.2013 13:31:43.871 E: [Mysql->query] Table 'ufs-federa_artcs.portfolio_history_part' doesn't exist
28.06.2013 13:31:43.871 I: [Mysql->query] select instrument_value_id, value_number from instrument_values where param_id=1 and instrument_id=5 order by created desc limit 1 
28.06.2013 13:31:45.051 I: [Mysql->query] INSERT INTO `portfolio_history_part` (`portfolio_history_id`,`instrument_id`,`operation`,`instrument_value_id`,`exchange_rate_id`,`position`,`amount`,`value`,`priority`) VALUES ('48','5','keep','856',NULL,'short','50000000','0.04741','5')
28.06.2013 13:31:45.052 E: [Mysql->query] Table 'ufs-federa_artcs.portfolio_history_part' doesn't exist
28.06.2013 13:31:45.052 I: [Mysql->query] select instrument_value_id, value_number from instrument_values where param_id=1 and instrument_id=6 order by created desc limit 1 
28.06.2013 13:31:46.235 I: [Mysql->query] INSERT INTO `portfolio_history_part` (`portfolio_history_id`,`instrument_id`,`operation`,`instrument_value_id`,`exchange_rate_id`,`position`,`amount`,`value`,`priority`) VALUES ('48','6','keep','857',NULL,'long','6900','95.3','6')
28.06.2013 13:31:46.235 E: [Mysql->query] Table 'ufs-federa_artcs.portfolio_history_part' doesn't exist
28.06.2013 13:31:46.236 I: Portfolio name is Модельный портфель #21 and id is 4.
28.06.2013 13:31:46.236 I: [Mysql->query] select ph.portfolio_history_id, ph.rest from portfolio_history ph left join (select portfolio_history_id, count(*) as cnt from portfolio_history_parts where portfolio_history_id in (select portfolio_history_id from portfolio_history where portfolio_id=4) group by 1) t on t.portfolio_history_id=ph.portfolio_history_id where ph.portfolio_id=4 and t.cnt>0 order by ph.created desc 
28.06.2013 13:31:46.237 E: Portfolio history is not found.
28.06.2013 13:31:46.237 I: Portfolio name is Модельный портфель #3 and id is 5.
28.06.2013 13:31:46.238 I: [Mysql->query] select ph.portfolio_history_id, ph.rest from portfolio_history ph left join (select portfolio_history_id, count(*) as cnt from portfolio_history_parts where portfolio_history_id in (select portfolio_history_id from portfolio_history where portfolio_id=5) group by 1) t on t.portfolio_history_id=ph.portfolio_history_id where ph.portfolio_id=5 and t.cnt>0 order by ph.created desc 
28.06.2013 13:31:46.239 E: Portfolio history is not found.
28.06.2013 13:31:46.240 I: Execution time is 54.147617816925
