12.04.2013 11:31:42.310 I: --------------------------------------------------
12.04.2013 11:31:42.532 I: Connect to Database ...
12.04.2013 11:31:43.270 I: Connected.
12.04.2013 11:31:43.540 I: [Mysql->query] set names utf8
12.04.2013 11:31:43.778 I: [Mysql->query] DELETE FROM mailing WHERE created<=ADDDATE(CURRENT_TIMESTAMP, INTERVAL -7 DAY) AND sent IS NOT NULL;
12.04.2013 11:31:44.044 I: [Mysql->query] DELETE FROM mailing_patterns WHERE mailing_pattern_id NOT IN (SELECT DISTINCT(mailing_pattern_id) FROM mailing WHERE created>ADDDATE(CURRENT_TIMESTAMP, INTERVAL -7 DAY) AND sent IS NULL);
12.04.2013 11:31:46.674 I: [Mysql->query] SELECT mailing_id, remote_id FROM mailing WHERE (begin IS NULL OR begin<=CURRENT_TIMESTAMP) AND (end IS NULL OR end>=CURRENT_TIMESTAMP) AND remote_id IS NOT NULL AND transferred IS NOT NULL AND sent IS NULL ORDER BY transferred
12.04.2013 11:32:01.878 I: Mailing 1193 has sent successfully at 2013-04-12 00:00:00...
12.04.2013 11:32:02.212 I: [Mysql->query] UPDATE `mailing` SET `sent`='2013-04-12 00:00:00',`result`=NULL WHERE `mailing_id`='1193'AND`remote_id`='93C1BDE88A1FF5CB808DA5560BFF9A3A'
12.04.2013 11:32:02.216 I: [Mysql->query] Rows matched: 1  Changed: 1  Warnings: 0
12.04.2013 11:32:02.772 I: Mailing 1193 has updated successfully ...
12.04.2013 11:32:06.120 I: Mailing 1194 has sent successfully at 2013-04-12 00:00:00...
12.04.2013 11:32:06.120 I: [Mysql->query] UPDATE `mailing` SET `sent`='2013-04-12 00:00:00',`result`=NULL WHERE `mailing_id`='1194'AND`remote_id`='93C1BDE88A1FF5CB808DA5560BFF9A3A'
12.04.2013 11:32:06.133 I: [Mysql->query] Rows matched: 1  Changed: 1  Warnings: 0
12.04.2013 11:32:06.134 I: Mailing 1194 has updated successfully ...
12.04.2013 11:32:06.134 I: Mailing 1195 has sent successfully at 2013-04-12 00:00:00...
12.04.2013 11:32:06.135 I: [Mysql->query] UPDATE `mailing` SET `sent`='2013-04-12 00:00:00',`result`=NULL WHERE `mailing_id`='1195'AND`remote_id`='93C1BDE88A1FF5CB808DA5560BFF9A3A'
12.04.2013 11:32:06.137 I: [Mysql->query] Rows matched: 1  Changed: 1  Warnings: 0
12.04.2013 11:32:06.137 I: Mailing 1195 has updated successfully ...
12.04.2013 11:32:06.138 I: [Mysql->query] SELECT mp.*, t.rest_count, t.min_created, t.min_priority FROM (SELECT mailing_pattern_id, COUNT(*) as rest_count, MIN(created) as min_created, MIN(priority) as min_priority FROM mailing WHERE (begin IS NULL OR begin<=CURRENT_TIMESTAMP) AND (end IS NULL OR end>=CURRENT_TIMESTAMP) AND transferred IS NULL AND sent IS NULL GROUP BY 1) t LEFT JOIN mailing_patterns mp on mp.mailing_pattern_id=t.mailing_pattern_id ORDER BY t.min_created, t.min_priority
12.04.2013 11:32:06.139 I: There is nothing to worry about
12.04.2013 11:32:06.140 I: Execution time is 24.113603830338
