12.04.2013 14:47:19.998 I: --------------------------------------------------
12.04.2013 14:47:19.998 I: Connect to Database ...
12.04.2013 14:47:19.999 I: Connected.
12.04.2013 14:47:19.999 I: [Mysql->query] set names utf8
12.04.2013 14:47:20.000 I: [Mysql->query] DELETE FROM mailing WHERE created<=ADDDATE(CURRENT_TIMESTAMP, INTERVAL -7 DAY);
12.04.2013 14:47:20.000 I: [Mysql->query] DELETE FROM mailing_patterns WHERE mailing_pattern_id NOT IN (SELECT DISTINCT(mailing_pattern_id) FROM mailing);
12.04.2013 14:47:20.001 I: [Mysql->query] SELECT mailing_id, remote_id FROM mailing WHERE (begin IS NULL OR begin<=CURRENT_TIMESTAMP) AND (end IS NULL OR end>=CURRENT_TIMESTAMP) AND remote_id IS NOT NULL AND transferred IS NOT NULL AND sent IS NULL ORDER BY transferred
12.04.2013 14:47:20.086 E: Mailing 1193 has not sent. Error is  ...
12.04.2013 14:47:20.088 I: [Mysql->query] UPDATE `mailing` SET `sent`=NULL,`result`=NULL WHERE `mailing_id`='1193' AND `remote_id`='003C71EE17AED620AF286E3F3B66126B'
12.04.2013 14:47:20.090 I: [Mysql->query] Rows matched: 1  Changed: 0  Warnings: 0
12.04.2013 14:47:20.090 I: Mailing 1193 has updated successfully ...
12.04.2013 14:47:20.091 E: Mailing 1194 has not sent. Error is  ...
12.04.2013 14:47:20.093 I: [Mysql->query] UPDATE `mailing` SET `sent`=NULL,`result`=NULL WHERE `mailing_id`='1194' AND `remote_id`='003C71EE17AED620AF286E3F3B66126B'
12.04.2013 14:47:20.096 I: [Mysql->query] Rows matched: 1  Changed: 0  Warnings: 0
12.04.2013 14:47:20.097 I: Mailing 1194 has updated successfully ...
12.04.2013 14:47:20.097 E: Mailing 1195 has not sent. Error is  ...
12.04.2013 14:47:20.097 I: [Mysql->query] UPDATE `mailing` SET `sent`=NULL,`result`=NULL WHERE `mailing_id`='1195' AND `remote_id`='003C71EE17AED620AF286E3F3B66126B'
12.04.2013 14:47:20.099 I: [Mysql->query] Rows matched: 1  Changed: 0  Warnings: 0
12.04.2013 14:47:20.099 I: Mailing 1195 has updated successfully ...
12.04.2013 14:47:20.100 E: Mailing 1196 has not sent. Error is  ...
12.04.2013 14:47:20.100 I: [Mysql->query] UPDATE `mailing` SET `sent`=NULL,`result`=NULL WHERE `mailing_id`='1196' AND `remote_id`='003C71EE17AED620AF286E3F3B66126B'
12.04.2013 14:47:20.102 I: [Mysql->query] Rows matched: 1  Changed: 0  Warnings: 0
12.04.2013 14:47:20.102 I: Mailing 1196 has updated successfully ...
12.04.2013 14:47:20.103 I: [Mysql->query] SELECT mp.*, t.rest_count, t.min_created, t.min_priority FROM (SELECT mailing_pattern_id, COUNT(*) as rest_count, MIN(created) as min_created, MIN(priority) as min_priority FROM mailing WHERE (begin IS NULL OR begin<=CURRENT_TIMESTAMP) AND (end IS NULL OR end>=CURRENT_TIMESTAMP) AND transferred IS NULL AND sent IS NULL GROUP BY 1) t LEFT JOIN mailing_patterns mp on mp.mailing_pattern_id=t.mailing_pattern_id ORDER BY t.min_created, t.min_priority
12.04.2013 14:47:20.104 I: There is nothing to worry about
12.04.2013 14:47:20.104 I: Execution time is 0.10643982887268
