12.04.2013 14:29:39.594 I: --------------------------------------------------
12.04.2013 14:29:39.594 I: Connect to Database ...
12.04.2013 14:29:39.596 I: Connected.
12.04.2013 14:29:39.597 I: [Mysql->query] set names utf8
12.04.2013 14:29:39.598 I: [Mysql->query] DELETE FROM mailing WHERE created<=ADDDATE(CURRENT_TIMESTAMP, INTERVAL -7 DAY) AND sent IS NOT NULL;
12.04.2013 14:29:39.598 I: [Mysql->query] DELETE FROM mailing_patterns WHERE mailing_pattern_id NOT IN (SELECT DISTINCT(mailing_pattern_id) FROM mailing WHERE created>ADDDATE(CURRENT_TIMESTAMP, INTERVAL -7 DAY) AND sent IS NULL);
12.04.2013 14:29:39.599 I: [Mysql->query] SELECT mailing_id, remote_id FROM mailing WHERE (begin IS NULL OR begin<=CURRENT_TIMESTAMP) AND (end IS NULL OR end>=CURRENT_TIMESTAMP) AND remote_id IS NOT NULL AND transferred IS NOT NULL AND sent IS NULL ORDER BY transferred
12.04.2013 14:29:51.269 E: Mailing 1194 has not sent. Error is  ...
12.04.2013 14:29:51.270 I: [Mysql->query] UPDATE `mailing` SET `sent`=NULL,`result`=NULL WHERE `mailing_id`='1194' AND `remote_id`='4052783AF4F3910995BFA9A309E27606'
12.04.2013 14:29:51.273 I: [Mysql->query] Rows matched: 1  Changed: 0  Warnings: 0
12.04.2013 14:29:51.273 I: Mailing 1194 has updated successfully ...
12.04.2013 14:29:51.273 E: Mailing 1195 has not sent. Error is  ...
12.04.2013 14:29:51.274 I: [Mysql->query] UPDATE `mailing` SET `sent`=NULL,`result`=NULL WHERE `mailing_id`='1195' AND `remote_id`='4052783AF4F3910995BFA9A309E27606'
12.04.2013 14:29:51.278 I: [Mysql->query] Rows matched: 1  Changed: 0  Warnings: 0
12.04.2013 14:29:51.279 I: Mailing 1195 has updated successfully ...
12.04.2013 14:29:51.279 I: Mailing 1193 has sent successfully at 2013-04-12 00:00:00...
12.04.2013 14:29:51.280 I: [Mysql->query] UPDATE `mailing` SET `sent`='2013-04-12 00:00:00',`result`=NULL WHERE `mailing_id`='1193' AND `remote_id`='6DCFD61A7ED5BD3AD8F36B60D947BB89'
12.04.2013 14:29:51.284 I: [Mysql->query] Rows matched: 1  Changed: 1  Warnings: 0
12.04.2013 14:29:51.285 I: Mailing 1193 has updated successfully ...
12.04.2013 14:29:51.285 I: [Mysql->query] SELECT mp.*, t.rest_count, t.min_created, t.min_priority FROM (SELECT mailing_pattern_id, COUNT(*) as rest_count, MIN(created) as min_created, MIN(priority) as min_priority FROM mailing WHERE (begin IS NULL OR begin<=CURRENT_TIMESTAMP) AND (end IS NULL OR end>=CURRENT_TIMESTAMP) AND transferred IS NULL AND sent IS NULL GROUP BY 1) t LEFT JOIN mailing_patterns mp on mp.mailing_pattern_id=t.mailing_pattern_id ORDER BY t.min_created, t.min_priority
12.04.2013 14:29:51.286 I: There is nothing to worry about
12.04.2013 14:29:51.288 I: Execution time is 11.694322109222
