12.04.2013 15:21:22.855 I: --------------------------------------------------
12.04.2013 15:21:22.856 I: Connect to Database ...
12.04.2013 15:21:22.857 I: Connected.
12.04.2013 15:21:22.858 I: [Mysql->query] set names utf8
12.04.2013 15:21:22.859 I: [Mysql->query] DELETE FROM mailing WHERE created<=ADDDATE(CURRENT_TIMESTAMP, INTERVAL -7 DAY);
12.04.2013 15:21:22.860 I: [Mysql->query] DELETE FROM mailing_patterns WHERE mailing_pattern_id NOT IN (SELECT DISTINCT(mailing_pattern_id) FROM mailing);
12.04.2013 15:21:22.860 I: [Mysql->query] SELECT mailing_id, remote_id FROM mailing WHERE (begin IS NULL OR begin<=CURRENT_TIMESTAMP) AND (end IS NULL OR end>=CURRENT_TIMESTAMP) AND remote_id IS NOT NULL AND transferred IS NOT NULL AND sent IS NULL ORDER BY transferred
12.04.2013 15:21:22.861 I: [Mysql->query] SELECT mp.*, t.rest_count, t.min_created, t.min_priority FROM (SELECT mailing_pattern_id, COUNT(*) as rest_count, MIN(created) as min_created, MIN(priority) as min_priority FROM mailing WHERE (begin IS NULL OR begin<=CURRENT_TIMESTAMP) AND (end IS NULL OR end>=CURRENT_TIMESTAMP) AND transferred IS NULL AND sent IS NULL GROUP BY 1) t LEFT JOIN mailing_patterns mp on mp.mailing_pattern_id=t.mailing_pattern_id ORDER BY t.min_created, t.min_priority
12.04.2013 15:21:22.862 I: There are 1 patterns.
12.04.2013 15:21:22.862 I: Process pattern 382 / 4 emails.
12.04.2013 15:21:22.863 I: [Mysql->query] SELECT * FROM mailing WHERE (begin IS NULL OR begin<=CURRENT_TIMESTAMP) AND (end IS NULL OR end>=CURRENT_TIMESTAMP) AND transferred IS NULL AND sent IS NULL AND mailing_pattern_id=382 ORDER BY created, priority LIMIT 0,3000
12.04.2013 15:21:22.864 I: There are 4 emails. Sending / transferring ...
12.04.2013 15:21:32.218 I: Mailing 1193 has transferred successfully at 2013-04-12 15:20:13...
12.04.2013 15:21:32.219 I: [Mysql->query] UPDATE `mailing` SET `remote_id`='7CC05523C64E1CD1525E6C7E75C4A34C',`transferred`='2013-04-12 15:20:13',`sent`=NULL,`result`=NULL WHERE `mailing_id`='1193'
12.04.2013 15:21:32.233 I: [Mysql->query] Rows matched: 1  Changed: 1  Warnings: 0
12.04.2013 15:21:32.233 I: Mailing 1193 has updated successfully ...
12.04.2013 15:21:32.234 I: Mailing 1194 has transferred successfully at 2013-04-12 15:20:13...
12.04.2013 15:21:32.234 I: [Mysql->query] UPDATE `mailing` SET `remote_id`='7CC05523C64E1CD1525E6C7E75C4A34C',`transferred`='2013-04-12 15:20:13',`sent`=NULL,`result`=NULL WHERE `mailing_id`='1194'
12.04.2013 15:21:32.236 I: [Mysql->query] Rows matched: 1  Changed: 1  Warnings: 0
12.04.2013 15:21:32.237 I: Mailing 1194 has updated successfully ...
12.04.2013 15:21:32.237 I: Mailing 1195 has transferred successfully at 2013-04-12 15:20:13...
12.04.2013 15:21:32.238 I: [Mysql->query] UPDATE `mailing` SET `remote_id`='7CC05523C64E1CD1525E6C7E75C4A34C',`transferred`='2013-04-12 15:20:13',`sent`=NULL,`result`=NULL WHERE `mailing_id`='1195'
12.04.2013 15:21:32.244 I: [Mysql->query] Rows matched: 1  Changed: 1  Warnings: 0
12.04.2013 15:21:32.246 I: Mailing 1195 has updated successfully ...
12.04.2013 15:21:32.247 I: Mailing 1196 has transferred successfully at 2013-04-12 15:20:13...
12.04.2013 15:21:32.248 I: [Mysql->query] UPDATE `mailing` SET `remote_id`='7CC05523C64E1CD1525E6C7E75C4A34C',`transferred`='2013-04-12 15:20:13',`sent`=NULL,`result`=NULL WHERE `mailing_id`='1196'
12.04.2013 15:21:32.251 I: [Mysql->query] Rows matched: 1  Changed: 1  Warnings: 0
12.04.2013 15:21:32.252 I: Mailing 1196 has updated successfully ...
12.04.2013 15:21:32.253 I: MaxCounter=4 Counter=16
12.04.2013 15:21:32.254 I: Execution time is 9.3987159729004
