12.04.2013 14:46:52.110 I: --------------------------------------------------
12.04.2013 14:46:52.111 I: Connect to Database ...
12.04.2013 14:46:52.112 I: Connected.
12.04.2013 14:46:52.112 I: [Mysql->query] set names utf8
12.04.2013 14:46:52.113 I: [Mysql->query] DELETE FROM mailing WHERE created<=ADDDATE(CURRENT_TIMESTAMP, INTERVAL -7 DAY);
12.04.2013 14:46:52.114 I: [Mysql->query] DELETE FROM mailing_patterns WHERE mailing_pattern_id NOT IN (SELECT DISTINCT(mailing_pattern_id) FROM mailing);
12.04.2013 14:46:52.114 I: [Mysql->query] SELECT mailing_id, remote_id FROM mailing WHERE (begin IS NULL OR begin<=CURRENT_TIMESTAMP) AND (end IS NULL OR end>=CURRENT_TIMESTAMP) AND remote_id IS NOT NULL AND transferred IS NOT NULL AND sent IS NULL ORDER BY transferred
12.04.2013 14:46:52.115 I: [Mysql->query] SELECT mp.*, t.rest_count, t.min_created, t.min_priority FROM (SELECT mailing_pattern_id, COUNT(*) as rest_count, MIN(created) as min_created, MIN(priority) as min_priority FROM mailing WHERE (begin IS NULL OR begin<=CURRENT_TIMESTAMP) AND (end IS NULL OR end>=CURRENT_TIMESTAMP) AND transferred IS NULL AND sent IS NULL GROUP BY 1) t LEFT JOIN mailing_patterns mp on mp.mailing_pattern_id=t.mailing_pattern_id ORDER BY t.min_created, t.min_priority
12.04.2013 14:46:52.116 I: There are 1 patterns.
12.04.2013 14:46:52.116 I: Process pattern 382 / 4 emails.
12.04.2013 14:46:52.117 I: [Mysql->query] SELECT * FROM mailing WHERE (begin IS NULL OR begin<=CURRENT_TIMESTAMP) AND (end IS NULL OR end>=CURRENT_TIMESTAMP) AND transferred IS NULL AND sent IS NULL AND mailing_pattern_id=382 ORDER BY created, priority LIMIT 0,3000
12.04.2013 14:46:52.118 I: There are 4 emails. Sending / transferring ...
12.04.2013 14:46:52.256 E: Mailing 1193 has not transferred. Error is  ...
12.04.2013 14:46:52.256 I: [Mysql->query] UPDATE `mailing` SET `remote_id`=NULL,`transferred`=NULL,`sent`=NULL,`result`=NULL WHERE `mailing_id`='1193'
12.04.2013 14:46:52.265 I: [Mysql->query] Rows matched: 1  Changed: 0  Warnings: 0
12.04.2013 14:46:52.265 I: Mailing 1193 has updated successfully ...
12.04.2013 14:46:52.266 E: Mailing 1194 has not transferred. Error is  ...
12.04.2013 14:46:52.266 I: [Mysql->query] UPDATE `mailing` SET `remote_id`=NULL,`transferred`=NULL,`sent`=NULL,`result`=NULL WHERE `mailing_id`='1194'
12.04.2013 14:46:52.267 I: [Mysql->query] Rows matched: 1  Changed: 0  Warnings: 0
12.04.2013 14:46:52.268 I: Mailing 1194 has updated successfully ...
12.04.2013 14:46:52.268 E: Mailing 1195 has not transferred. Error is  ...
12.04.2013 14:46:52.268 I: [Mysql->query] UPDATE `mailing` SET `remote_id`=NULL,`transferred`=NULL,`sent`=NULL,`result`=NULL WHERE `mailing_id`='1195'
12.04.2013 14:46:52.269 I: [Mysql->query] Rows matched: 1  Changed: 0  Warnings: 0
12.04.2013 14:46:52.270 I: Mailing 1195 has updated successfully ...
12.04.2013 14:46:52.270 E: Mailing 1196 has not transferred. Error is  ...
12.04.2013 14:46:52.271 I: [Mysql->query] UPDATE `mailing` SET `remote_id`=NULL,`transferred`=NULL,`sent`=NULL,`result`=NULL WHERE `mailing_id`='1196'
12.04.2013 14:46:52.272 I: [Mysql->query] Rows matched: 1  Changed: 0  Warnings: 0
12.04.2013 14:46:52.273 I: Mailing 1196 has updated successfully ...
12.04.2013 14:46:52.273 I: MaxCounter=4 Counter=16
12.04.2013 14:46:52.273 I: Execution time is 0.16312003135681
