08.04.2013 13:06:16.991 I: --------------------------------------------------
08.04.2013 13:06:16.991 I: Connect to Database ...
08.04.2013 13:06:16.996 I: Connected.
08.04.2013 13:06:16.997 I: [Mysql->query] set names utf8
08.04.2013 13:06:16.998 I: [Mysql->query] 1 records
08.04.2013 13:06:16.999 I: [Mysql->query] DELETE FROM mailing WHERE created<=ADDDATE(CURRENT_TIMESTAMP, INTERVAL -7 DAY) AND sent IS NOT NULL;
08.04.2013 13:06:17.005 I: [Mysql->query] 1 records
08.04.2013 13:06:17.006 I: [Mysql->query] DELETE FROM mailing_patterns WHERE mailing_pattern_id NOT IN (SELECT DISTINCT(mailing_pattern_id) FROM mailing WHERE created>ADDDATE(CURRENT_TIMESTAMP, INTERVAL -7 DAY) AND sent IS NULL);
08.04.2013 13:06:17.006 I: [Mysql->query] 1 records
08.04.2013 13:06:17.007 I: [Mysql->query] SELECT mailing_id, remote_id FROM mailing WHERE (begin IS NULL OR begin<=CURRENT_TIMESTAMP) AND (end IS NULL OR end>=CURRENT_TIMESTAMP) AND remote_id IS NOT NULL AND transferred IS NOT NULL AND sent IS NULL ORDER BY transferred
08.04.2013 13:06:17.008 I: [Mysql->query] 1 records
08.04.2013 13:06:17.008 I: [Mysql->query] SELECT mp.*, t.rest_count, t.min_created, t.min_priority FROM (SELECT mailing_pattern_id, COUNT(*) as rest_count, MIN(created) as min_created, MIN(priority) as min_priority FROM mailing WHERE (begin IS NULL OR begin<=CURRENT_TIMESTAMP) AND (end IS NULL OR end>=CURRENT_TIMESTAMP) AND transferred IS NULL AND sent IS NULL GROUP BY 1) t LEFT JOIN mailing_patterns mp on mp.mailing_pattern_id=t.mailing_pattern_id ORDER BY t.min_created, t.min_priority
08.04.2013 13:06:17.012 I: [Mysql->query] 1 records
08.04.2013 13:06:17.013 I: There are 1 patterns.
08.04.2013 13:06:17.013 I: Process pattern NULL / 1 emails.
08.04.2013 13:06:17.014 I: [Mysql->query] SELECT * FROM mailing WHERE (begin IS NULL OR begin<=CURRENT_TIMESTAMP) AND (end IS NULL OR end>=CURRENT_TIMESTAMP) AND transferred IS NULL AND sent IS NULL AND mailing_pattern_id IS NULL ORDER BY created, priority LIMIT 0,10
08.04.2013 13:06:17.014 I: [Mysql->query] 1 records
08.04.2013 13:06:17.015 I: There are 1 emails. Sending / transferring ...
08.04.2013 13:06:22.104 I: Mailing 1190 has transferred successfully at 2013-04-08 13:06:22...
08.04.2013 13:06:22.104 I: [Mysql->query] UPDATE `mailing` SET `remote_id`='31F56152FE8D7D0213EBB26402E4264F',`transferred`=NULL,`sent`='2013-04-08 13:06:17',`result`=NULL WHERE `mailing_id`='1190'
08.04.2013 13:06:22.115 I: [Mysql->query] Rows matched: 1  Changed: 1  Warnings: 0
08.04.2013 13:06:22.117 I: Mailing 1190 has updated successfully ...
08.04.2013 13:06:22.117 I: MaxCounter=10 Counter=10
08.04.2013 13:06:22.119 I: Execution time is 5.1281280517578
