12.04.2013 14:43:37.374 I: --------------------------------------------------
12.04.2013 14:43:37.375 I: Connect to Database ...
12.04.2013 14:43:37.377 I: Connected.
12.04.2013 14:43:37.378 I: [Mysql->query] set names utf8
12.04.2013 14:43:37.380 I: [Mysql->query] DELETE FROM mailing WHERE created<=ADDDATE(CURRENT_TIMESTAMP, INTERVAL -7 DAY);
12.04.2013 14:43:37.381 I: [Mysql->query] DELETE FROM mailing_patterns WHERE mailing_pattern_id NOT IN (SELECT DISTINCT(mailing_pattern_id) FROM mailing);
12.04.2013 14:43:37.382 I: [Mysql->query] SELECT mailing_id, remote_id FROM mailing WHERE (begin IS NULL OR begin<=CURRENT_TIMESTAMP) AND (end IS NULL OR end>=CURRENT_TIMESTAMP) AND remote_id IS NOT NULL AND transferred IS NOT NULL AND sent IS NULL ORDER BY transferred
12.04.2013 14:43:37.494 E: Mailing 1193 has not sent. Error is  ...
12.04.2013 14:43:37.496 I: [Mysql->query] UPDATE `mailing` SET `sent`=NULL,`result`=NULL WHERE `mailing_id`='1193' AND `remote_id`='2866D935ACA850A4DDF2D4B6EED479D5'
12.04.2013 14:43:37.498 I: [Mysql->query] Rows matched: 1  Changed: 0  Warnings: 0
12.04.2013 14:43:37.499 I: Mailing 1193 has updated successfully ...
12.04.2013 14:43:37.499 E: Mailing 1194 has not sent. Error is  ...
12.04.2013 14:43:37.500 I: [Mysql->query] UPDATE `mailing` SET `sent`=NULL,`result`=NULL WHERE `mailing_id`='1194' AND `remote_id`='2866D935ACA850A4DDF2D4B6EED479D5'
12.04.2013 14:43:37.503 I: [Mysql->query] Rows matched: 1  Changed: 0  Warnings: 0
12.04.2013 14:43:37.504 I: Mailing 1194 has updated successfully ...
12.04.2013 14:43:37.505 E: Mailing 1195 has not sent. Error is  ...
12.04.2013 14:43:37.505 I: [Mysql->query] UPDATE `mailing` SET `sent`=NULL,`result`=NULL WHERE `mailing_id`='1195' AND `remote_id`='2866D935ACA850A4DDF2D4B6EED479D5'
12.04.2013 14:43:37.510 I: [Mysql->query] Rows matched: 1  Changed: 0  Warnings: 0
12.04.2013 14:43:37.511 I: Mailing 1195 has updated successfully ...
12.04.2013 14:43:37.511 E: Mailing 1196 has not sent. Error is  ...
12.04.2013 14:43:37.513 I: [Mysql->query] UPDATE `mailing` SET `sent`=NULL,`result`=NULL WHERE `mailing_id`='1196' AND `remote_id`='2866D935ACA850A4DDF2D4B6EED479D5'
12.04.2013 14:43:37.515 I: [Mysql->query] Rows matched: 1  Changed: 0  Warnings: 0
12.04.2013 14:43:37.515 I: Mailing 1196 has updated successfully ...
12.04.2013 14:43:37.516 I: [Mysql->query] SELECT mp.*, t.rest_count, t.min_created, t.min_priority FROM (SELECT mailing_pattern_id, COUNT(*) as rest_count, MIN(created) as min_created, MIN(priority) as min_priority FROM mailing WHERE (begin IS NULL OR begin<=CURRENT_TIMESTAMP) AND (end IS NULL OR end>=CURRENT_TIMESTAMP) AND transferred IS NULL AND sent IS NULL GROUP BY 1) t LEFT JOIN mailing_patterns mp on mp.mailing_pattern_id=t.mailing_pattern_id ORDER BY t.min_created, t.min_priority
12.04.2013 14:43:37.517 I: There is nothing to worry about
12.04.2013 14:43:37.518 I: Execution time is 0.14360404014587
