17.05.2013 15:26:13.002 I: --------------------------------------------------
17.05.2013 15:26:13.003 I: Connect to Database ...
17.05.2013 15:26:13.005 I: Connected.
17.05.2013 15:26:13.006 I: [Mysql->query] set names utf8
17.05.2013 15:26:13.006 I: [Mysql->query] DELETE FROM mailing WHERE created<=ADDDATE(CURRENT_TIMESTAMP, INTERVAL -7 DAY);
17.05.2013 15:26:13.017 I: [Mysql->query] DELETE FROM mailing_patterns WHERE mailing_pattern_id NOT IN (SELECT DISTINCT(mailing_pattern_id) FROM mailing);
17.05.2013 15:26:13.055 I: [Mysql->query] SELECT mailing_id, remote_id FROM mailing WHERE (begin IS NULL OR begin<=CURRENT_TIMESTAMP) AND (end IS NULL OR end>=CURRENT_TIMESTAMP) AND remote_id IS NOT NULL AND transferred IS NOT NULL AND sent IS NULL ORDER BY transferred
17.05.2013 15:26:13.056 I: [Mysql->query] SELECT mp.*, t.rest_count, t.min_created, t.min_priority FROM (SELECT mailing_pattern_id, COUNT(*) as rest_count, MIN(created) as min_created, MIN(priority) as min_priority FROM mailing WHERE (begin IS NULL OR begin<=CURRENT_TIMESTAMP) AND (end IS NULL OR end>=CURRENT_TIMESTAMP) AND transferred IS NULL AND sent IS NULL GROUP BY 1) t LEFT JOIN mailing_patterns mp on mp.mailing_pattern_id=t.mailing_pattern_id ORDER BY t.min_created, t.min_priority
17.05.2013 15:26:13.062 I: There are 1 patterns.
17.05.2013 15:26:13.063 I: Process pattern 407 / 2 emails.
17.05.2013 15:26:13.063 I: [Mysql->query] SELECT * FROM mailing WHERE (begin IS NULL OR begin<=CURRENT_TIMESTAMP) AND (end IS NULL OR end>=CURRENT_TIMESTAMP) AND transferred IS NULL AND sent IS NULL AND mailing_pattern_id=407 ORDER BY created, priority LIMIT 0,3000
17.05.2013 15:26:13.064 I: There are 2 emails. Sending / transferring ...
17.05.2013 15:26:13.370 I: Mailing 1223 has transferred successfully at 2013-05-17 15:26:13...
17.05.2013 15:26:13.372 I: [Mysql->query] UPDATE `mailing` SET `remote_id`='9C717C6B3DEA6BE79FF18C483A53212D',`transferred`='2013-05-17 15:26:13',`sent`=NULL,`result`=NULL WHERE `mailing_id`='1223'
17.05.2013 15:26:13.373 I: [Mysql->query] Rows matched: 1  Changed: 1  Warnings: 0
17.05.2013 15:26:13.373 I: Mailing 1223 has updated successfully ...
17.05.2013 15:26:13.373 I: Mailing 1224 has transferred successfully at 2013-05-17 15:26:13...
17.05.2013 15:26:13.374 I: [Mysql->query] UPDATE `mailing` SET `remote_id`='9C717C6B3DEA6BE79FF18C483A53212D',`transferred`='2013-05-17 15:26:13',`sent`=NULL,`result`=NULL WHERE `mailing_id`='1224'
17.05.2013 15:26:13.375 I: [Mysql->query] Rows matched: 1  Changed: 1  Warnings: 0
17.05.2013 15:26:13.376 I: Mailing 1224 has updated successfully ...
17.05.2013 15:26:13.376 I: MaxCounter=2 Counter=4
17.05.2013 15:26:13.376 I: Execution time is 0.37389087677002
