12.04.2013 14:43:33.793 I: --------------------------------------------------
12.04.2013 14:43:33.794 I: Connect to Database ...
12.04.2013 14:43:33.796 I: Connected.
12.04.2013 14:43:33.797 I: [Mysql->query] set names utf8
12.04.2013 14:43:33.798 I: [Mysql->query] DELETE FROM mailing WHERE created<=ADDDATE(CURRENT_TIMESTAMP, INTERVAL -7 DAY);
12.04.2013 14:43:33.799 I: [Mysql->query] DELETE FROM mailing_patterns WHERE mailing_pattern_id NOT IN (SELECT DISTINCT(mailing_pattern_id) FROM mailing);
12.04.2013 14:43:33.801 I: [Mysql->query] SELECT mailing_id, remote_id FROM mailing WHERE (begin IS NULL OR begin<=CURRENT_TIMESTAMP) AND (end IS NULL OR end>=CURRENT_TIMESTAMP) AND remote_id IS NOT NULL AND transferred IS NOT NULL AND sent IS NULL ORDER BY transferred
12.04.2013 14:43:33.910 E: Mailing 1193 has not sent. Error is  ...
12.04.2013 14:43:33.911 I: [Mysql->query] UPDATE `mailing` SET `sent`=NULL,`result`=NULL WHERE `mailing_id`='1193' AND `remote_id`='2866D935ACA850A4DDF2D4B6EED479D5'
12.04.2013 14:43:33.920 I: [Mysql->query] Rows matched: 1  Changed: 0  Warnings: 0
12.04.2013 14:43:33.921 I: Mailing 1193 has updated successfully ...
12.04.2013 14:43:33.921 E: Mailing 1194 has not sent. Error is  ...
12.04.2013 14:43:33.922 I: [Mysql->query] UPDATE `mailing` SET `sent`=NULL,`result`=NULL WHERE `mailing_id`='1194' AND `remote_id`='2866D935ACA850A4DDF2D4B6EED479D5'
12.04.2013 14:43:33.935 I: [Mysql->query] Rows matched: 1  Changed: 0  Warnings: 0
12.04.2013 14:43:33.937 I: Mailing 1194 has updated successfully ...
12.04.2013 14:43:33.938 E: Mailing 1195 has not sent. Error is  ...
12.04.2013 14:43:33.940 I: [Mysql->query] UPDATE `mailing` SET `sent`=NULL,`result`=NULL WHERE `mailing_id`='1195' AND `remote_id`='2866D935ACA850A4DDF2D4B6EED479D5'
12.04.2013 14:43:33.943 I: [Mysql->query] Rows matched: 1  Changed: 0  Warnings: 0
12.04.2013 14:43:33.945 I: Mailing 1195 has updated successfully ...
12.04.2013 14:43:33.947 E: Mailing 1196 has not sent. Error is  ...
12.04.2013 14:43:33.947 I: [Mysql->query] UPDATE `mailing` SET `sent`=NULL,`result`=NULL WHERE `mailing_id`='1196' AND `remote_id`='2866D935ACA850A4DDF2D4B6EED479D5'
12.04.2013 14:43:33.949 I: [Mysql->query] Rows matched: 1  Changed: 0  Warnings: 0
12.04.2013 14:43:33.950 I: Mailing 1196 has updated successfully ...
12.04.2013 14:43:33.950 I: [Mysql->query] SELECT mp.*, t.rest_count, t.min_created, t.min_priority FROM (SELECT mailing_pattern_id, COUNT(*) as rest_count, MIN(created) as min_created, MIN(priority) as min_priority FROM mailing WHERE (begin IS NULL OR begin<=CURRENT_TIMESTAMP) AND (end IS NULL OR end>=CURRENT_TIMESTAMP) AND transferred IS NULL AND sent IS NULL GROUP BY 1) t LEFT JOIN mailing_patterns mp on mp.mailing_pattern_id=t.mailing_pattern_id ORDER BY t.min_created, t.min_priority
12.04.2013 14:43:33.951 I: There is nothing to worry about
12.04.2013 14:43:33.951 I: Execution time is 0.15808987617493
