12.04.2013 14:59:21.818 I: --------------------------------------------------
12.04.2013 14:59:21.819 I: Connect to Database ...
12.04.2013 14:59:21.822 I: Connected.
12.04.2013 14:59:21.823 I: [Mysql->query] set names utf8
12.04.2013 14:59:21.825 I: [Mysql->query] DELETE FROM mailing WHERE created<=ADDDATE(CURRENT_TIMESTAMP, INTERVAL -7 DAY);
12.04.2013 14:59:21.826 I: [Mysql->query] DELETE FROM mailing_patterns WHERE mailing_pattern_id NOT IN (SELECT DISTINCT(mailing_pattern_id) FROM mailing);
12.04.2013 14:59:21.827 I: [Mysql->query] SELECT mailing_id, remote_id FROM mailing WHERE (begin IS NULL OR begin<=CURRENT_TIMESTAMP) AND (end IS NULL OR end>=CURRENT_TIMESTAMP) AND remote_id IS NOT NULL AND transferred IS NOT NULL AND sent IS NULL ORDER BY transferred
12.04.2013 14:59:21.829 I: [Mysql->query] SELECT mp.*, t.rest_count, t.min_created, t.min_priority FROM (SELECT mailing_pattern_id, COUNT(*) as rest_count, MIN(created) as min_created, MIN(priority) as min_priority FROM mailing WHERE (begin IS NULL OR begin<=CURRENT_TIMESTAMP) AND (end IS NULL OR end>=CURRENT_TIMESTAMP) AND transferred IS NULL AND sent IS NULL GROUP BY 1) t LEFT JOIN mailing_patterns mp on mp.mailing_pattern_id=t.mailing_pattern_id ORDER BY t.min_created, t.min_priority
12.04.2013 14:59:21.831 I: There are 1 patterns.
12.04.2013 14:59:21.831 I: Process pattern 382 / 4 emails.
12.04.2013 14:59:21.832 I: [Mysql->query] SELECT * FROM mailing WHERE (begin IS NULL OR begin<=CURRENT_TIMESTAMP) AND (end IS NULL OR end>=CURRENT_TIMESTAMP) AND transferred IS NULL AND sent IS NULL AND mailing_pattern_id=382 ORDER BY created, priority LIMIT 0,3000
12.04.2013 14:59:21.835 I: There are 4 emails. Sending / transferring ...
12.04.2013 14:59:26.291 I: Mailing 1193 has transferred successfully at 2013-04-12 14:59:26...
12.04.2013 14:59:26.293 I: [Mysql->query] UPDATE `mailing` SET `remote_id`='F5AEFD64FF4B987E3AE396B5194E5B63',`transferred`='2013-04-12 14:59:26',`sent`=NULL,`result`=NULL WHERE `mailing_id`='1193'
12.04.2013 14:59:26.295 I: [Mysql->query] Rows matched: 1  Changed: 1  Warnings: 0
12.04.2013 14:59:26.295 I: Mailing 1193 has updated successfully ...
12.04.2013 14:59:26.296 I: Mailing 1194 has transferred successfully at 2013-04-12 14:59:26...
12.04.2013 14:59:26.297 I: [Mysql->query] UPDATE `mailing` SET `remote_id`='F5AEFD64FF4B987E3AE396B5194E5B63',`transferred`='2013-04-12 14:59:26',`sent`=NULL,`result`=NULL WHERE `mailing_id`='1194'
12.04.2013 14:59:26.299 I: [Mysql->query] Rows matched: 1  Changed: 1  Warnings: 0
12.04.2013 14:59:26.300 I: Mailing 1194 has updated successfully ...
12.04.2013 14:59:26.301 I: Mailing 1195 has transferred successfully at 2013-04-12 14:59:26...
12.04.2013 14:59:26.302 I: [Mysql->query] UPDATE `mailing` SET `remote_id`='F5AEFD64FF4B987E3AE396B5194E5B63',`transferred`='2013-04-12 14:59:26',`sent`=NULL,`result`=NULL WHERE `mailing_id`='1195'
12.04.2013 14:59:26.304 I: [Mysql->query] Rows matched: 1  Changed: 1  Warnings: 0
12.04.2013 14:59:26.305 I: Mailing 1195 has updated successfully ...
12.04.2013 14:59:26.305 I: Mailing 1196 has transferred successfully at 2013-04-12 14:59:26...
12.04.2013 14:59:26.306 I: [Mysql->query] UPDATE `mailing` SET `remote_id`='F5AEFD64FF4B987E3AE396B5194E5B63',`transferred`='2013-04-12 14:59:26',`sent`=NULL,`result`=NULL WHERE `mailing_id`='1196'
12.04.2013 14:59:26.308 I: [Mysql->query] Rows matched: 1  Changed: 1  Warnings: 0
12.04.2013 14:59:26.309 I: Mailing 1196 has updated successfully ...
12.04.2013 14:59:26.310 I: MaxCounter=4 Counter=16
12.04.2013 14:59:26.311 I: Execution time is 4.4924590587616
