12.04.2013 14:47:35.982 I: --------------------------------------------------
12.04.2013 14:47:35.983 I: Connect to Database ...
12.04.2013 14:47:35.984 I: Connected.
12.04.2013 14:47:35.984 I: [Mysql->query] set names utf8
12.04.2013 14:47:35.985 I: [Mysql->query] DELETE FROM mailing WHERE created<=ADDDATE(CURRENT_TIMESTAMP, INTERVAL -7 DAY);
12.04.2013 14:47:35.986 I: [Mysql->query] DELETE FROM mailing_patterns WHERE mailing_pattern_id NOT IN (SELECT DISTINCT(mailing_pattern_id) FROM mailing);
12.04.2013 14:47:35.986 I: [Mysql->query] SELECT mailing_id, remote_id FROM mailing WHERE (begin IS NULL OR begin<=CURRENT_TIMESTAMP) AND (end IS NULL OR end>=CURRENT_TIMESTAMP) AND remote_id IS NOT NULL AND transferred IS NOT NULL AND sent IS NULL ORDER BY transferred
12.04.2013 14:47:36.094 E: Mailing 1193 has not sent. Error is  ...
12.04.2013 14:47:36.095 I: [Mysql->query] UPDATE `mailing` SET `sent`=NULL,`result`=NULL WHERE `mailing_id`='1193' AND `remote_id`='DB7668BD4E6AF6D6313F1E18C41B19FC'
12.04.2013 14:47:36.098 I: [Mysql->query] Rows matched: 1  Changed: 0  Warnings: 0
12.04.2013 14:47:36.098 I: Mailing 1193 has updated successfully ...
12.04.2013 14:47:36.098 E: Mailing 1194 has not sent. Error is  ...
12.04.2013 14:47:36.099 I: [Mysql->query] UPDATE `mailing` SET `sent`=NULL,`result`=NULL WHERE `mailing_id`='1194' AND `remote_id`='DB7668BD4E6AF6D6313F1E18C41B19FC'
12.04.2013 14:47:36.101 I: [Mysql->query] Rows matched: 1  Changed: 0  Warnings: 0
12.04.2013 14:47:36.102 I: Mailing 1194 has updated successfully ...
12.04.2013 14:47:36.103 E: Mailing 1195 has not sent. Error is  ...
12.04.2013 14:47:36.104 I: [Mysql->query] UPDATE `mailing` SET `sent`=NULL,`result`=NULL WHERE `mailing_id`='1195' AND `remote_id`='DB7668BD4E6AF6D6313F1E18C41B19FC'
12.04.2013 14:47:36.107 I: [Mysql->query] Rows matched: 1  Changed: 0  Warnings: 0
12.04.2013 14:47:36.108 I: Mailing 1195 has updated successfully ...
12.04.2013 14:47:36.109 E: Mailing 1196 has not sent. Error is  ...
12.04.2013 14:47:36.110 I: [Mysql->query] UPDATE `mailing` SET `sent`=NULL,`result`=NULL WHERE `mailing_id`='1196' AND `remote_id`='DB7668BD4E6AF6D6313F1E18C41B19FC'
12.04.2013 14:47:36.113 I: [Mysql->query] Rows matched: 1  Changed: 0  Warnings: 0
12.04.2013 14:47:36.114 I: Mailing 1196 has updated successfully ...
12.04.2013 14:47:36.115 I: [Mysql->query] SELECT mp.*, t.rest_count, t.min_created, t.min_priority FROM (SELECT mailing_pattern_id, COUNT(*) as rest_count, MIN(created) as min_created, MIN(priority) as min_priority FROM mailing WHERE (begin IS NULL OR begin<=CURRENT_TIMESTAMP) AND (end IS NULL OR end>=CURRENT_TIMESTAMP) AND transferred IS NULL AND sent IS NULL GROUP BY 1) t LEFT JOIN mailing_patterns mp on mp.mailing_pattern_id=t.mailing_pattern_id ORDER BY t.min_created, t.min_priority
12.04.2013 14:47:36.116 I: There is nothing to worry about
12.04.2013 14:47:36.118 I: Execution time is 0.13534903526306
