08.04.2013 13:11:28.883 I: --------------------------------------------------
08.04.2013 13:11:28.893 I: Connect to Database ...
08.04.2013 13:11:28.906 I: Connected.
08.04.2013 13:11:28.906 I: [Mysql->query] set names utf8
08.04.2013 13:11:28.907 I: [Mysql->query] 1 records
08.04.2013 13:11:28.908 I: [Mysql->query] DELETE FROM mailing WHERE created<=ADDDATE(CURRENT_TIMESTAMP, INTERVAL -7 DAY) AND sent IS NOT NULL;
08.04.2013 13:11:28.909 I: [Mysql->query] 1 records
08.04.2013 13:11:28.909 I: [Mysql->query] DELETE FROM mailing_patterns WHERE mailing_pattern_id NOT IN (SELECT DISTINCT(mailing_pattern_id) FROM mailing WHERE created>ADDDATE(CURRENT_TIMESTAMP, INTERVAL -7 DAY) AND sent IS NULL);
08.04.2013 13:11:28.910 I: [Mysql->query] 1 records
08.04.2013 13:11:28.910 I: [Mysql->query] SELECT mailing_id, remote_id FROM mailing WHERE (begin IS NULL OR begin<=CURRENT_TIMESTAMP) AND (end IS NULL OR end>=CURRENT_TIMESTAMP) AND remote_id IS NOT NULL AND transferred IS NOT NULL AND sent IS NULL ORDER BY transferred
08.04.2013 13:11:28.912 I: [Mysql->query] 1 records
08.04.2013 13:11:28.913 I: [Mysql->query] SELECT mp.*, t.rest_count, t.min_created, t.min_priority FROM (SELECT mailing_pattern_id, COUNT(*) as rest_count, MIN(created) as min_created, MIN(priority) as min_priority FROM mailing WHERE (begin IS NULL OR begin<=CURRENT_TIMESTAMP) AND (end IS NULL OR end>=CURRENT_TIMESTAMP) AND transferred IS NULL AND sent IS NULL GROUP BY 1) t LEFT JOIN mailing_patterns mp on mp.mailing_pattern_id=t.mailing_pattern_id ORDER BY t.min_created, t.min_priority
08.04.2013 13:11:28.917 I: [Mysql->query] 1 records
08.04.2013 13:11:28.918 I: There are 1 patterns.
08.04.2013 13:11:28.919 I: Process pattern NULL / 1 emails.
08.04.2013 13:11:28.920 I: [Mysql->query] SELECT * FROM mailing WHERE (begin IS NULL OR begin<=CURRENT_TIMESTAMP) AND (end IS NULL OR end>=CURRENT_TIMESTAMP) AND transferred IS NULL AND sent IS NULL AND mailing_pattern_id IS NULL ORDER BY created, priority LIMIT 0,10
08.04.2013 13:11:28.922 I: [Mysql->query] 1 records
08.04.2013 13:11:28.926 I: There are 1 emails. Sending / transferring ...
08.04.2013 13:11:30.845 I: Mailing 1190 has transferred successfully at 2013-04-08 13:11:30...
08.04.2013 13:11:30.847 I: [Mysql->query] UPDATE `mailing` SET `remote_id`='B96EC79D628803BA3B2A75F4B20B95C4',`transferred`=NULL,`sent`='2013-04-08 13:11:28',`result`=NULL WHERE `mailing_id`='1190'
08.04.2013 13:11:30.878 I: [Mysql->query] Rows matched: 1  Changed: 1  Warnings: 0
08.04.2013 13:11:30.879 I: Mailing 1190 has updated successfully ...
08.04.2013 13:11:30.879 I: MaxCounter=10 Counter=10
08.04.2013 13:11:30.880 I: Execution time is 1.9971220493317
