12.04.2013 14:41:51.344 I: --------------------------------------------------
12.04.2013 14:41:51.344 I: Connect to Database ...
12.04.2013 14:41:51.347 I: Connected.
12.04.2013 14:41:51.348 I: [Mysql->query] set names utf8
12.04.2013 14:41:51.349 I: [Mysql->query] DELETE FROM mailing WHERE created<=ADDDATE(CURRENT_TIMESTAMP, INTERVAL -7 DAY);
12.04.2013 14:41:51.351 I: [Mysql->query] DELETE FROM mailing_patterns WHERE mailing_pattern_id NOT IN (SELECT DISTINCT(mailing_pattern_id) FROM mailing);
12.04.2013 14:41:51.352 I: [Mysql->query] SELECT mailing_id, remote_id FROM mailing WHERE (begin IS NULL OR begin<=CURRENT_TIMESTAMP) AND (end IS NULL OR end>=CURRENT_TIMESTAMP) AND remote_id IS NOT NULL AND transferred IS NOT NULL AND sent IS NULL ORDER BY transferred
12.04.2013 14:41:51.462 E: Mailing 1193 has not sent. Error is  ...
12.04.2013 14:41:51.463 I: [Mysql->query] UPDATE `mailing` SET `sent`=NULL,`result`=NULL WHERE `mailing_id`='1193' AND `remote_id`='2866D935ACA850A4DDF2D4B6EED479D5'
12.04.2013 14:41:51.476 I: [Mysql->query] Rows matched: 1  Changed: 0  Warnings: 0
12.04.2013 14:41:51.477 I: Mailing 1193 has updated successfully ...
12.04.2013 14:41:51.478 E: Mailing 1194 has not sent. Error is  ...
12.04.2013 14:41:51.478 I: [Mysql->query] UPDATE `mailing` SET `sent`=NULL,`result`=NULL WHERE `mailing_id`='1194' AND `remote_id`='2866D935ACA850A4DDF2D4B6EED479D5'
12.04.2013 14:41:51.481 I: [Mysql->query] Rows matched: 1  Changed: 0  Warnings: 0
12.04.2013 14:41:51.482 I: Mailing 1194 has updated successfully ...
12.04.2013 14:41:51.482 E: Mailing 1195 has not sent. Error is  ...
12.04.2013 14:41:51.483 I: [Mysql->query] UPDATE `mailing` SET `sent`=NULL,`result`=NULL WHERE `mailing_id`='1195' AND `remote_id`='2866D935ACA850A4DDF2D4B6EED479D5'
12.04.2013 14:41:51.484 I: [Mysql->query] Rows matched: 1  Changed: 0  Warnings: 0
12.04.2013 14:41:51.485 I: Mailing 1195 has updated successfully ...
12.04.2013 14:41:51.486 E: Mailing 1196 has not sent. Error is  ...
12.04.2013 14:41:51.486 I: [Mysql->query] UPDATE `mailing` SET `sent`=NULL,`result`=NULL WHERE `mailing_id`='1196' AND `remote_id`='2866D935ACA850A4DDF2D4B6EED479D5'
12.04.2013 14:41:51.488 I: [Mysql->query] Rows matched: 1  Changed: 0  Warnings: 0
12.04.2013 14:41:51.489 I: Mailing 1196 has updated successfully ...
12.04.2013 14:41:51.489 I: [Mysql->query] SELECT mp.*, t.rest_count, t.min_created, t.min_priority FROM (SELECT mailing_pattern_id, COUNT(*) as rest_count, MIN(created) as min_created, MIN(priority) as min_priority FROM mailing WHERE (begin IS NULL OR begin<=CURRENT_TIMESTAMP) AND (end IS NULL OR end>=CURRENT_TIMESTAMP) AND transferred IS NULL AND sent IS NULL GROUP BY 1) t LEFT JOIN mailing_patterns mp on mp.mailing_pattern_id=t.mailing_pattern_id ORDER BY t.min_created, t.min_priority
12.04.2013 14:41:51.494 I: There is nothing to worry about
12.04.2013 14:41:51.495 I: Execution time is 0.1516420841217
