12.04.2013 14:47:31.241 I: --------------------------------------------------
12.04.2013 14:47:31.242 I: Connect to Database ...
12.04.2013 14:47:31.247 I: Connected.
12.04.2013 14:47:31.247 I: [Mysql->query] set names utf8
12.04.2013 14:47:31.248 I: [Mysql->query] DELETE FROM mailing WHERE created<=ADDDATE(CURRENT_TIMESTAMP, INTERVAL -7 DAY);
12.04.2013 14:47:31.249 I: [Mysql->query] DELETE FROM mailing_patterns WHERE mailing_pattern_id NOT IN (SELECT DISTINCT(mailing_pattern_id) FROM mailing);
12.04.2013 14:47:31.249 I: [Mysql->query] SELECT mailing_id, remote_id FROM mailing WHERE (begin IS NULL OR begin<=CURRENT_TIMESTAMP) AND (end IS NULL OR end>=CURRENT_TIMESTAMP) AND remote_id IS NOT NULL AND transferred IS NOT NULL AND sent IS NULL ORDER BY transferred
12.04.2013 14:47:31.250 I: [Mysql->query] SELECT mp.*, t.rest_count, t.min_created, t.min_priority FROM (SELECT mailing_pattern_id, COUNT(*) as rest_count, MIN(created) as min_created, MIN(priority) as min_priority FROM mailing WHERE (begin IS NULL OR begin<=CURRENT_TIMESTAMP) AND (end IS NULL OR end>=CURRENT_TIMESTAMP) AND transferred IS NULL AND sent IS NULL GROUP BY 1) t LEFT JOIN mailing_patterns mp on mp.mailing_pattern_id=t.mailing_pattern_id ORDER BY t.min_created, t.min_priority
12.04.2013 14:47:31.251 I: There are 1 patterns.
12.04.2013 14:47:31.253 I: Process pattern 382 / 4 emails.
12.04.2013 14:47:31.258 I: [Mysql->query] SELECT * FROM mailing WHERE (begin IS NULL OR begin<=CURRENT_TIMESTAMP) AND (end IS NULL OR end>=CURRENT_TIMESTAMP) AND transferred IS NULL AND sent IS NULL AND mailing_pattern_id=382 ORDER BY created, priority LIMIT 0,3000
12.04.2013 14:47:31.259 I: There are 4 emails. Sending / transferring ...
12.04.2013 14:47:31.422 I: Mailing 1193 has transferred successfully at 2013-04-12 14:47:31...
12.04.2013 14:47:31.424 I: [Mysql->query] UPDATE `mailing` SET `remote_id`='DB7668BD4E6AF6D6313F1E18C41B19FC',`transferred`='2013-04-12 14:47:31',`sent`=NULL,`result`=NULL WHERE `mailing_id`='1193'
12.04.2013 14:47:31.426 I: [Mysql->query] Rows matched: 1  Changed: 1  Warnings: 0
12.04.2013 14:47:31.427 I: Mailing 1193 has updated successfully ...
12.04.2013 14:47:31.428 I: Mailing 1194 has transferred successfully at 2013-04-12 14:47:31...
12.04.2013 14:47:31.429 I: [Mysql->query] UPDATE `mailing` SET `remote_id`='DB7668BD4E6AF6D6313F1E18C41B19FC',`transferred`='2013-04-12 14:47:31',`sent`=NULL,`result`=NULL WHERE `mailing_id`='1194'
12.04.2013 14:47:31.431 I: [Mysql->query] Rows matched: 1  Changed: 1  Warnings: 0
12.04.2013 14:47:31.432 I: Mailing 1194 has updated successfully ...
12.04.2013 14:47:31.433 I: Mailing 1195 has transferred successfully at 2013-04-12 14:47:31...
12.04.2013 14:47:31.434 I: [Mysql->query] UPDATE `mailing` SET `remote_id`='DB7668BD4E6AF6D6313F1E18C41B19FC',`transferred`='2013-04-12 14:47:31',`sent`=NULL,`result`=NULL WHERE `mailing_id`='1195'
12.04.2013 14:47:31.435 I: [Mysql->query] Rows matched: 1  Changed: 1  Warnings: 0
12.04.2013 14:47:31.436 I: Mailing 1195 has updated successfully ...
12.04.2013 14:47:31.437 I: Mailing 1196 has transferred successfully at 2013-04-12 14:47:31...
12.04.2013 14:47:31.438 I: [Mysql->query] UPDATE `mailing` SET `remote_id`='DB7668BD4E6AF6D6313F1E18C41B19FC',`transferred`='2013-04-12 14:47:31',`sent`=NULL,`result`=NULL WHERE `mailing_id`='1196'
12.04.2013 14:47:31.440 I: [Mysql->query] Rows matched: 1  Changed: 1  Warnings: 0
12.04.2013 14:47:31.441 I: Mailing 1196 has updated successfully ...
12.04.2013 14:47:31.442 I: MaxCounter=4 Counter=16
12.04.2013 14:47:31.443 I: Execution time is 0.20229291915894
