12.04.2013 14:47:15.508 I: --------------------------------------------------
12.04.2013 14:47:15.508 I: Connect to Database ...
12.04.2013 14:47:15.510 I: Connected.
12.04.2013 14:47:15.510 I: [Mysql->query] set names utf8
12.04.2013 14:47:15.512 I: [Mysql->query] DELETE FROM mailing WHERE created<=ADDDATE(CURRENT_TIMESTAMP, INTERVAL -7 DAY);
12.04.2013 14:47:15.513 I: [Mysql->query] DELETE FROM mailing_patterns WHERE mailing_pattern_id NOT IN (SELECT DISTINCT(mailing_pattern_id) FROM mailing);
12.04.2013 14:47:15.514 I: [Mysql->query] SELECT mailing_id, remote_id FROM mailing WHERE (begin IS NULL OR begin<=CURRENT_TIMESTAMP) AND (end IS NULL OR end>=CURRENT_TIMESTAMP) AND remote_id IS NOT NULL AND transferred IS NOT NULL AND sent IS NULL ORDER BY transferred
12.04.2013 14:47:15.516 I: [Mysql->query] SELECT mp.*, t.rest_count, t.min_created, t.min_priority FROM (SELECT mailing_pattern_id, COUNT(*) as rest_count, MIN(created) as min_created, MIN(priority) as min_priority FROM mailing WHERE (begin IS NULL OR begin<=CURRENT_TIMESTAMP) AND (end IS NULL OR end>=CURRENT_TIMESTAMP) AND transferred IS NULL AND sent IS NULL GROUP BY 1) t LEFT JOIN mailing_patterns mp on mp.mailing_pattern_id=t.mailing_pattern_id ORDER BY t.min_created, t.min_priority
12.04.2013 14:47:15.517 I: There are 1 patterns.
12.04.2013 14:47:15.517 I: Process pattern 382 / 4 emails.
12.04.2013 14:47:15.518 I: [Mysql->query] SELECT * FROM mailing WHERE (begin IS NULL OR begin<=CURRENT_TIMESTAMP) AND (end IS NULL OR end>=CURRENT_TIMESTAMP) AND transferred IS NULL AND sent IS NULL AND mailing_pattern_id=382 ORDER BY created, priority LIMIT 0,3000
12.04.2013 14:47:15.520 I: There are 4 emails. Sending / transferring ...
12.04.2013 14:47:15.695 I: Mailing 1193 has transferred successfully at 2013-04-12 14:47:15...
12.04.2013 14:47:15.696 I: [Mysql->query] UPDATE `mailing` SET `remote_id`='003C71EE17AED620AF286E3F3B66126B',`transferred`='2013-04-12 14:47:15',`sent`=NULL,`result`=NULL WHERE `mailing_id`='1193'
12.04.2013 14:47:15.698 I: [Mysql->query] Rows matched: 1  Changed: 1  Warnings: 0
12.04.2013 14:47:15.700 I: Mailing 1193 has updated successfully ...
12.04.2013 14:47:15.701 I: Mailing 1194 has transferred successfully at 2013-04-12 14:47:15...
12.04.2013 14:47:15.703 I: [Mysql->query] UPDATE `mailing` SET `remote_id`='003C71EE17AED620AF286E3F3B66126B',`transferred`='2013-04-12 14:47:15',`sent`=NULL,`result`=NULL WHERE `mailing_id`='1194'
12.04.2013 14:47:15.705 I: [Mysql->query] Rows matched: 1  Changed: 1  Warnings: 0
12.04.2013 14:47:15.706 I: Mailing 1194 has updated successfully ...
12.04.2013 14:47:15.706 I: Mailing 1195 has transferred successfully at 2013-04-12 14:47:15...
12.04.2013 14:47:15.708 I: [Mysql->query] UPDATE `mailing` SET `remote_id`='003C71EE17AED620AF286E3F3B66126B',`transferred`='2013-04-12 14:47:15',`sent`=NULL,`result`=NULL WHERE `mailing_id`='1195'
12.04.2013 14:47:15.709 I: [Mysql->query] Rows matched: 1  Changed: 1  Warnings: 0
12.04.2013 14:47:15.711 I: Mailing 1195 has updated successfully ...
12.04.2013 14:47:15.712 I: Mailing 1196 has transferred successfully at 2013-04-12 14:47:15...
12.04.2013 14:47:15.713 I: [Mysql->query] UPDATE `mailing` SET `remote_id`='003C71EE17AED620AF286E3F3B66126B',`transferred`='2013-04-12 14:47:15',`sent`=NULL,`result`=NULL WHERE `mailing_id`='1196'
12.04.2013 14:47:15.719 I: [Mysql->query] Rows matched: 1  Changed: 1  Warnings: 0
12.04.2013 14:47:15.720 I: Mailing 1196 has updated successfully ...
12.04.2013 14:47:15.721 I: MaxCounter=4 Counter=16
12.04.2013 14:47:15.721 I: Execution time is 0.21361398696899
