12.04.2013 14:39:39.678 I: --------------------------------------------------
12.04.2013 14:39:39.679 I: Connect to Database ...
12.04.2013 14:39:39.682 I: Connected.
12.04.2013 14:39:39.682 I: [Mysql->query] set names utf8
12.04.2013 14:39:39.684 I: [Mysql->query] DELETE FROM mailing WHERE created<=ADDDATE(CURRENT_TIMESTAMP, INTERVAL -7 DAY);
12.04.2013 14:39:39.685 I: [Mysql->query] DELETE FROM mailing_patterns WHERE mailing_pattern_id NOT IN (SELECT DISTINCT(mailing_pattern_id) FROM mailing);
12.04.2013 14:39:39.686 I: [Mysql->query] SELECT mailing_id, remote_id FROM mailing WHERE (begin IS NULL OR begin<=CURRENT_TIMESTAMP) AND (end IS NULL OR end>=CURRENT_TIMESTAMP) AND remote_id IS NOT NULL AND transferred IS NOT NULL AND sent IS NULL ORDER BY transferred
12.04.2013 14:39:39.792 E: Mailing 1193 has not sent. Error is  ...
12.04.2013 14:39:39.801 I: [Mysql->query] UPDATE `mailing` SET `sent`=NULL,`result`=NULL WHERE `mailing_id`='1193' AND `remote_id`='08F205F54DD137B9F26ECF1DAC2EC522'
12.04.2013 14:39:39.803 I: [Mysql->query] Rows matched: 1  Changed: 0  Warnings: 0
12.04.2013 14:39:39.804 I: Mailing 1193 has updated successfully ...
12.04.2013 14:39:39.804 E: Mailing 1194 has not sent. Error is  ...
12.04.2013 14:39:39.804 I: [Mysql->query] UPDATE `mailing` SET `sent`=NULL,`result`=NULL WHERE `mailing_id`='1194' AND `remote_id`='08F205F54DD137B9F26ECF1DAC2EC522'
12.04.2013 14:39:39.806 I: [Mysql->query] Rows matched: 1  Changed: 0  Warnings: 0
12.04.2013 14:39:39.807 I: Mailing 1194 has updated successfully ...
12.04.2013 14:39:39.807 E: Mailing 1195 has not sent. Error is  ...
12.04.2013 14:39:39.808 I: [Mysql->query] UPDATE `mailing` SET `sent`=NULL,`result`=NULL WHERE `mailing_id`='1195' AND `remote_id`='08F205F54DD137B9F26ECF1DAC2EC522'
12.04.2013 14:39:39.809 I: [Mysql->query] Rows matched: 1  Changed: 0  Warnings: 0
12.04.2013 14:39:39.809 I: Mailing 1195 has updated successfully ...
12.04.2013 14:39:39.810 I: [Mysql->query] SELECT mp.*, t.rest_count, t.min_created, t.min_priority FROM (SELECT mailing_pattern_id, COUNT(*) as rest_count, MIN(created) as min_created, MIN(priority) as min_priority FROM mailing WHERE (begin IS NULL OR begin<=CURRENT_TIMESTAMP) AND (end IS NULL OR end>=CURRENT_TIMESTAMP) AND transferred IS NULL AND sent IS NULL GROUP BY 1) t LEFT JOIN mailing_patterns mp on mp.mailing_pattern_id=t.mailing_pattern_id ORDER BY t.min_created, t.min_priority
12.04.2013 14:39:39.810 I: There is nothing to worry about
12.04.2013 14:39:39.811 I: Execution time is 0.13283109664917
