12.04.2013 11:34:29.480 I: --------------------------------------------------
12.04.2013 11:34:29.480 I: Connect to Database ...
12.04.2013 11:34:29.484 I: Connected.
12.04.2013 11:34:29.484 I: [Mysql->query] set names utf8
12.04.2013 11:34:29.492 I: [Mysql->query] DELETE FROM mailing WHERE created<=ADDDATE(CURRENT_TIMESTAMP, INTERVAL -7 DAY) AND sent IS NOT NULL;
12.04.2013 11:34:29.493 I: [Mysql->query] DELETE FROM mailing_patterns WHERE mailing_pattern_id NOT IN (SELECT DISTINCT(mailing_pattern_id) FROM mailing WHERE created>ADDDATE(CURRENT_TIMESTAMP, INTERVAL -7 DAY) AND sent IS NULL);
12.04.2013 11:34:29.495 I: [Mysql->query] SELECT mailing_id, remote_id FROM mailing WHERE (begin IS NULL OR begin<=CURRENT_TIMESTAMP) AND (end IS NULL OR end>=CURRENT_TIMESTAMP) AND remote_id IS NOT NULL AND transferred IS NOT NULL AND sent IS NULL ORDER BY transferred
12.04.2013 11:34:29.497 I: [Mysql->query] SELECT mp.*, t.rest_count, t.min_created, t.min_priority FROM (SELECT mailing_pattern_id, COUNT(*) as rest_count, MIN(created) as min_created, MIN(priority) as min_priority FROM mailing WHERE (begin IS NULL OR begin<=CURRENT_TIMESTAMP) AND (end IS NULL OR end>=CURRENT_TIMESTAMP) AND transferred IS NULL AND sent IS NULL GROUP BY 1) t LEFT JOIN mailing_patterns mp on mp.mailing_pattern_id=t.mailing_pattern_id ORDER BY t.min_created, t.min_priority
12.04.2013 11:34:29.499 I: There are 1 patterns.
12.04.2013 11:34:29.499 I: Process pattern 382 / 3 emails.
12.04.2013 11:34:29.500 I: [Mysql->query] SELECT * FROM mailing WHERE (begin IS NULL OR begin<=CURRENT_TIMESTAMP) AND (end IS NULL OR end>=CURRENT_TIMESTAMP) AND transferred IS NULL AND sent IS NULL AND mailing_pattern_id=382 ORDER BY created, priority LIMIT 0,3000
12.04.2013 11:34:29.501 I: There are 3 emails. Sending / transferring ...
12.04.2013 11:34:31.775 I: Mailing 1193 has transferred successfully at 2013-04-12 11:34:29...
12.04.2013 11:34:31.775 I: [Mysql->query] UPDATE `mailing` SET `remote_id`='A9364C3AECA5E1F4F583D0A730D94064',`transferred`='2013-04-12 11:34:29',`sent`=NULL,`result`=NULL WHERE `mailing_id`='1193'
12.04.2013 11:34:31.788 I: [Mysql->query] Rows matched: 1  Changed: 1  Warnings: 0
12.04.2013 11:34:31.788 I: Mailing 1193 has updated successfully ...
12.04.2013 11:34:31.789 I: Mailing 1194 has transferred successfully at 2013-04-12 11:34:29...
12.04.2013 11:34:31.789 I: [Mysql->query] UPDATE `mailing` SET `remote_id`='A9364C3AECA5E1F4F583D0A730D94064',`transferred`='2013-04-12 11:34:29',`sent`=NULL,`result`=NULL WHERE `mailing_id`='1194'
12.04.2013 11:34:31.793 I: [Mysql->query] Rows matched: 1  Changed: 1  Warnings: 0
12.04.2013 11:34:31.794 I: Mailing 1194 has updated successfully ...
12.04.2013 11:34:31.794 I: Mailing 1195 has transferred successfully at 2013-04-12 11:34:29...
12.04.2013 11:34:31.795 I: [Mysql->query] UPDATE `mailing` SET `remote_id`='A9364C3AECA5E1F4F583D0A730D94064',`transferred`='2013-04-12 11:34:29',`sent`=NULL,`result`=NULL WHERE `mailing_id`='1195'
12.04.2013 11:34:31.797 I: [Mysql->query] Rows matched: 1  Changed: 1  Warnings: 0
12.04.2013 11:34:31.797 I: Mailing 1195 has updated successfully ...
12.04.2013 11:34:31.797 I: MaxCounter=3 Counter=9
12.04.2013 11:34:31.800 I: Execution time is 2.3196589946747
