08.04.2013 13:08:13.940 I: --------------------------------------------------
08.04.2013 13:08:13.941 I: Connect to Database ...
08.04.2013 13:08:13.947 I: Connected.
08.04.2013 13:08:13.948 I: [Mysql->query] set names utf8
08.04.2013 13:08:13.949 I: [Mysql->query] 1 records
08.04.2013 13:08:13.949 I: [Mysql->query] DELETE FROM mailing WHERE created<=ADDDATE(CURRENT_TIMESTAMP, INTERVAL -7 DAY) AND sent IS NOT NULL;
08.04.2013 13:08:13.951 I: [Mysql->query] 1 records
08.04.2013 13:08:13.952 I: [Mysql->query] DELETE FROM mailing_patterns WHERE mailing_pattern_id NOT IN (SELECT DISTINCT(mailing_pattern_id) FROM mailing WHERE created>ADDDATE(CURRENT_TIMESTAMP, INTERVAL -7 DAY) AND sent IS NULL);
08.04.2013 13:08:13.952 I: [Mysql->query] 1 records
08.04.2013 13:08:13.952 I: [Mysql->query] SELECT mailing_id, remote_id FROM mailing WHERE (begin IS NULL OR begin<=CURRENT_TIMESTAMP) AND (end IS NULL OR end>=CURRENT_TIMESTAMP) AND remote_id IS NOT NULL AND transferred IS NOT NULL AND sent IS NULL ORDER BY transferred
08.04.2013 13:08:13.953 I: [Mysql->query] 1 records
08.04.2013 13:08:13.953 I: [Mysql->query] SELECT mp.*, t.rest_count, t.min_created, t.min_priority FROM (SELECT mailing_pattern_id, COUNT(*) as rest_count, MIN(created) as min_created, MIN(priority) as min_priority FROM mailing WHERE (begin IS NULL OR begin<=CURRENT_TIMESTAMP) AND (end IS NULL OR end>=CURRENT_TIMESTAMP) AND transferred IS NULL AND sent IS NULL GROUP BY 1) t LEFT JOIN mailing_patterns mp on mp.mailing_pattern_id=t.mailing_pattern_id ORDER BY t.min_created, t.min_priority
08.04.2013 13:08:13.954 I: [Mysql->query] 1 records
08.04.2013 13:08:13.954 I: There are 1 patterns.
08.04.2013 13:08:13.959 I: Process pattern NULL / 1 emails.
08.04.2013 13:08:13.959 I: [Mysql->query] SELECT * FROM mailing WHERE (begin IS NULL OR begin<=CURRENT_TIMESTAMP) AND (end IS NULL OR end>=CURRENT_TIMESTAMP) AND transferred IS NULL AND sent IS NULL AND mailing_pattern_id IS NULL ORDER BY created, priority LIMIT 0,10
08.04.2013 13:08:13.960 I: [Mysql->query] 1 records
08.04.2013 13:08:13.960 I: There are 1 emails. Sending / transferring ...
08.04.2013 13:08:23.215 I: Mailing 1190 has transferred successfully at 2013-04-08 13:08:23...
08.04.2013 13:08:23.216 I: [Mysql->query] UPDATE `mailing` SET `remote_id`='76D8A2686F5DCF7C146656D4073F9D33',`transferred`=NULL,`sent`='2013-04-08 13:08:13',`result`=NULL WHERE `mailing_id`='1190'
08.04.2013 13:08:23.228 I: [Mysql->query] Rows matched: 1  Changed: 1  Warnings: 0
08.04.2013 13:08:23.228 I: Mailing 1190 has updated successfully ...
08.04.2013 13:08:23.229 I: MaxCounter=10 Counter=10
08.04.2013 13:08:23.229 I: Execution time is 9.289500951767
