12.04.2013 15:22:16.562 I: --------------------------------------------------
12.04.2013 15:22:16.565 I: Connect to Database ...
12.04.2013 15:22:16.567 I: Connected.
12.04.2013 15:22:16.567 I: [Mysql->query] set names utf8
12.04.2013 15:22:16.569 I: [Mysql->query] DELETE FROM mailing WHERE created<=ADDDATE(CURRENT_TIMESTAMP, INTERVAL -7 DAY);
12.04.2013 15:22:16.570 I: [Mysql->query] DELETE FROM mailing_patterns WHERE mailing_pattern_id NOT IN (SELECT DISTINCT(mailing_pattern_id) FROM mailing);
12.04.2013 15:22:16.571 I: [Mysql->query] SELECT mailing_id, remote_id FROM mailing WHERE (begin IS NULL OR begin<=CURRENT_TIMESTAMP) AND (end IS NULL OR end>=CURRENT_TIMESTAMP) AND remote_id IS NOT NULL AND transferred IS NOT NULL AND sent IS NULL ORDER BY transferred
12.04.2013 15:22:16.572 I: [Mysql->query] SELECT mp.*, t.rest_count, t.min_created, t.min_priority FROM (SELECT mailing_pattern_id, COUNT(*) as rest_count, MIN(created) as min_created, MIN(priority) as min_priority FROM mailing WHERE (begin IS NULL OR begin<=CURRENT_TIMESTAMP) AND (end IS NULL OR end>=CURRENT_TIMESTAMP) AND transferred IS NULL AND sent IS NULL GROUP BY 1) t LEFT JOIN mailing_patterns mp on mp.mailing_pattern_id=t.mailing_pattern_id ORDER BY t.min_created, t.min_priority
12.04.2013 15:22:16.573 I: There are 1 patterns.
12.04.2013 15:22:16.573 I: Process pattern 382 / 4 emails.
12.04.2013 15:22:16.574 I: [Mysql->query] SELECT * FROM mailing WHERE (begin IS NULL OR begin<=CURRENT_TIMESTAMP) AND (end IS NULL OR end>=CURRENT_TIMESTAMP) AND transferred IS NULL AND sent IS NULL AND mailing_pattern_id=382 ORDER BY created, priority LIMIT 0,3000
12.04.2013 15:22:16.576 I: There are 4 emails. Sending / transferring ...
12.04.2013 15:22:20.383 E: Mailing 1193 has not transferred. Error is  ...
12.04.2013 15:22:20.383 I: [Mysql->query] UPDATE `mailing` SET `remote_id`=NULL,`transferred`=NULL,`sent`=NULL,`result`=NULL WHERE `mailing_id`='1193'
12.04.2013 15:22:20.396 I: [Mysql->query] Rows matched: 1  Changed: 0  Warnings: 0
12.04.2013 15:22:20.396 I: Mailing 1193 has updated successfully ...
12.04.2013 15:22:20.397 E: Mailing 1194 has not transferred. Error is  ...
12.04.2013 15:22:20.398 I: [Mysql->query] UPDATE `mailing` SET `remote_id`=NULL,`transferred`=NULL,`sent`=NULL,`result`=NULL WHERE `mailing_id`='1194'
12.04.2013 15:22:20.403 I: [Mysql->query] Rows matched: 1  Changed: 0  Warnings: 0
12.04.2013 15:22:20.403 I: Mailing 1194 has updated successfully ...
12.04.2013 15:22:20.405 E: Mailing 1195 has not transferred. Error is  ...
12.04.2013 15:22:20.406 I: [Mysql->query] UPDATE `mailing` SET `remote_id`=NULL,`transferred`=NULL,`sent`=NULL,`result`=NULL WHERE `mailing_id`='1195'
12.04.2013 15:22:20.408 I: [Mysql->query] Rows matched: 1  Changed: 0  Warnings: 0
12.04.2013 15:22:20.409 I: Mailing 1195 has updated successfully ...
12.04.2013 15:22:20.410 E: Mailing 1196 has not transferred. Error is  ...
12.04.2013 15:22:20.411 I: [Mysql->query] UPDATE `mailing` SET `remote_id`=NULL,`transferred`=NULL,`sent`=NULL,`result`=NULL WHERE `mailing_id`='1196'
12.04.2013 15:22:20.414 I: [Mysql->query] Rows matched: 1  Changed: 0  Warnings: 0
12.04.2013 15:22:20.415 I: Mailing 1196 has updated successfully ...
12.04.2013 15:22:20.416 I: MaxCounter=4 Counter=16
12.04.2013 15:22:20.417 I: Execution time is 3.8548800945282
