12.04.2013 11:35:05.243 I: --------------------------------------------------
12.04.2013 11:35:05.243 I: Connect to Database ...
12.04.2013 11:35:05.245 I: Connected.
12.04.2013 11:35:05.245 I: [Mysql->query] set names utf8
12.04.2013 11:35:05.253 I: [Mysql->query] DELETE FROM mailing WHERE created<=ADDDATE(CURRENT_TIMESTAMP, INTERVAL -7 DAY) AND sent IS NOT NULL;
12.04.2013 11:35:05.254 I: [Mysql->query] DELETE FROM mailing_patterns WHERE mailing_pattern_id NOT IN (SELECT DISTINCT(mailing_pattern_id) FROM mailing WHERE created>ADDDATE(CURRENT_TIMESTAMP, INTERVAL -7 DAY) AND sent IS NULL);
12.04.2013 11:35:05.255 I: [Mysql->query] SELECT mailing_id, remote_id FROM mailing WHERE (begin IS NULL OR begin<=CURRENT_TIMESTAMP) AND (end IS NULL OR end>=CURRENT_TIMESTAMP) AND remote_id IS NOT NULL AND transferred IS NOT NULL AND sent IS NULL ORDER BY transferred
12.04.2013 11:35:07.229 I: Mailing 1193 has sent successfully at 2013-04-12 00:00:00...
12.04.2013 11:35:07.231 I: [Mysql->query] UPDATE `mailing` SET `sent`='2013-04-12 00:00:00',`result`=NULL WHERE `mailing_id`='1193' AND `remote_id`='A9364C3AECA5E1F4F583D0A730D94064'
12.04.2013 11:35:07.233 I: [Mysql->query] Rows matched: 1  Changed: 1  Warnings: 0
12.04.2013 11:35:07.235 I: Mailing 1193 has updated successfully ...
12.04.2013 11:35:07.237 I: Mailing 1194 has sent successfully at 2013-04-12 00:00:00...
12.04.2013 11:35:07.238 I: [Mysql->query] UPDATE `mailing` SET `sent`='2013-04-12 00:00:00',`result`=NULL WHERE `mailing_id`='1194' AND `remote_id`='A9364C3AECA5E1F4F583D0A730D94064'
12.04.2013 11:35:07.242 I: [Mysql->query] Rows matched: 1  Changed: 1  Warnings: 0
12.04.2013 11:35:07.243 I: Mailing 1194 has updated successfully ...
12.04.2013 11:35:07.244 I: Mailing 1195 has sent successfully at 2013-04-12 00:00:00...
12.04.2013 11:35:07.244 I: [Mysql->query] UPDATE `mailing` SET `sent`='2013-04-12 00:00:00',`result`=NULL WHERE `mailing_id`='1195' AND `remote_id`='A9364C3AECA5E1F4F583D0A730D94064'
12.04.2013 11:35:07.252 I: [Mysql->query] Rows matched: 1  Changed: 1  Warnings: 0
12.04.2013 11:35:07.253 I: Mailing 1195 has updated successfully ...
12.04.2013 11:35:07.253 I: [Mysql->query] SELECT mp.*, t.rest_count, t.min_created, t.min_priority FROM (SELECT mailing_pattern_id, COUNT(*) as rest_count, MIN(created) as min_created, MIN(priority) as min_priority FROM mailing WHERE (begin IS NULL OR begin<=CURRENT_TIMESTAMP) AND (end IS NULL OR end>=CURRENT_TIMESTAMP) AND transferred IS NULL AND sent IS NULL GROUP BY 1) t LEFT JOIN mailing_patterns mp on mp.mailing_pattern_id=t.mailing_pattern_id ORDER BY t.min_created, t.min_priority
12.04.2013 11:35:07.254 I: There is nothing to worry about
12.04.2013 11:35:07.254 I: Execution time is 2.0111238956451
