08.04.2013 12:57:38.406 I: --------------------------------------------------
08.04.2013 12:57:38.407 I: Connect to Database ...
08.04.2013 12:57:38.426 I: Connected.
08.04.2013 12:57:38.426 I: [Mysql->query] set names utf8
08.04.2013 12:57:38.427 I: [Mysql->query] 1 records
08.04.2013 12:57:38.427 I: [Mysql->query] DELETE FROM mailing WHERE created<=ADDDATE(CURRENT_TIMESTAMP, INTERVAL -7 DAY) AND sent IS NOT NULL;
08.04.2013 12:57:38.427 I: [Mysql->query] 1 records
08.04.2013 12:57:38.428 I: [Mysql->query] DELETE FROM mailing_patterns WHERE mailing_pattern_id NOT IN (SELECT DISTINCT(mailing_pattern_id) FROM mailing WHERE created>ADDDATE(CURRENT_TIMESTAMP, INTERVAL -7 DAY) AND sent IS NULL);
08.04.2013 12:57:38.428 I: [Mysql->query] 1 records
08.04.2013 12:57:38.428 I: [Mysql->query] SELECT mailing_id, remote_id FROM mailing WHERE (begin IS NULL OR begin<=CURRENT_TIMESTAMP) AND (end IS NULL OR end>=CURRENT_TIMESTAMP) AND remote_id IS NOT NULL AND transferred IS NOT NULL AND sent IS NULL ORDER BY transferred
08.04.2013 12:57:38.429 I: [Mysql->query] 1 records
08.04.2013 12:57:38.429 I: [Mysql->query] SELECT mp.*, t.rest_count, t.min_created, t.min_priority FROM (SELECT mailing_pattern_id, COUNT(*) as rest_count, MIN(created) as min_created, MIN(priority) as min_priority FROM mailing WHERE (begin IS NULL OR begin<=CURRENT_TIMESTAMP) AND (end IS NULL OR end>=CURRENT_TIMESTAMP) AND transferred IS NULL AND sent IS NULL GROUP BY 1) t LEFT JOIN mailing_patterns mp on mp.mailing_pattern_id=t.mailing_pattern_id ORDER BY t.min_created, t.min_priority
08.04.2013 12:57:38.432 I: [Mysql->query] 1 records
08.04.2013 12:57:38.432 I: There are 1 patterns.
08.04.2013 12:57:38.433 I: Process pattern 379 / 2 emails.
08.04.2013 12:57:38.433 I: [Mysql->query] SELECT * FROM mailing WHERE (begin IS NULL OR begin<=CURRENT_TIMESTAMP) AND (end IS NULL OR end>=CURRENT_TIMESTAMP) AND transferred IS NULL AND sent IS NULL AND mailing_pattern_id=379 ORDER BY created, priority LIMIT 0,75
08.04.2013 12:57:38.436 I: [Mysql->query] 1 records
08.04.2013 12:57:38.436 I: There are 2 emails. Sending / transferring ...
08.04.2013 12:57:46.273 E: Mailing 1189 has not . Error is transferred ...
08.04.2013 12:57:46.274 I: [Mysql->query] UPDATE `mailing` SET `remote_id`='00966EAFEEB8DEE8AE5057BD6CFD00D4',`transferred`=NULL,`sent`='2013-04-08 12:57:42',`result`=NULL WHERE `mailing_id`='1189'
08.04.2013 12:57:46.283 I: [Mysql->query] Rows matched: 1  Changed: 1  Warnings: 0
08.04.2013 12:57:46.284 I: Mailing 1189 has updated successfully ...
08.04.2013 12:57:46.284 E: Mailing 1190 has not . Error is transferred ...
08.04.2013 12:57:46.284 I: [Mysql->query] UPDATE `mailing` SET `remote_id`='00966EAFEEB8DEE8AE5057BD6CFD00D4',`transferred`=NULL,`sent`='2013-04-08 12:57:42',`result`=NULL WHERE `mailing_id`='1190'
08.04.2013 12:57:46.288 I: [Mysql->query] Rows matched: 1  Changed: 1  Warnings: 0
08.04.2013 12:57:46.288 I: Mailing 1190 has updated successfully ...
08.04.2013 12:57:46.289 I: MaxCounter=2 Counter=4
08.04.2013 12:57:46.289 I: Execution time is 7.8826878070831
