08.04.2013 12:43:28.181 I: --------------------------------------------------
08.04.2013 12:43:28.438 I: Connect to Database ...
08.04.2013 12:43:29.220 I: Connected.
08.04.2013 12:43:29.503 I: [Mysql->query] set names utf8
08.04.2013 12:43:29.504 I: [Mysql->query] 1 records
08.04.2013 12:43:29.762 I: [Mysql->query] DELETE FROM mailing WHERE created<=ADDDATE(CURRENT_TIMESTAMP, INTERVAL -7 DAY) AND sent IS NOT NULL;
08.04.2013 12:43:29.763 I: [Mysql->query] 1 records
08.04.2013 12:43:30.038 I: [Mysql->query] DELETE FROM mailing_patterns WHERE mailing_pattern_id NOT IN (SELECT DISTINCT(mailing_pattern_id) FROM mailing WHERE created>ADDDATE(CURRENT_TIMESTAMP, INTERVAL -7 DAY) AND sent IS NULL);
08.04.2013 12:43:30.039 I: [Mysql->query] 1 records
08.04.2013 12:43:31.755 I: [Mysql->query] SELECT mailing_id, remote_id FROM mailing WHERE (begin IS NULL OR begin<=CURRENT_TIMESTAMP) AND (end IS NULL OR end>=CURRENT_TIMESTAMP) AND remote_id IS NOT NULL AND transferred IS NOT NULL AND sent IS NULL ORDER BY transferred
08.04.2013 12:43:31.758 I: [Mysql->query] 1 records
08.04.2013 12:43:31.759 I: [Mysql->query] SELECT mp.*, t.rest_count, t.min_created, t.min_priority FROM (SELECT mailing_pattern_id, COUNT(*) as rest_count, MIN(created) as min_created, MIN(priority) as min_priority FROM mailing WHERE (begin IS NULL OR begin<=CURRENT_TIMESTAMP) AND (end IS NULL OR end>=CURRENT_TIMESTAMP) AND transferred IS NULL AND sent IS NULL GROUP BY 1) t LEFT JOIN mailing_patterns mp on mp.mailing_pattern_id=t.mailing_pattern_id ORDER BY t.min_created, t.min_priority
08.04.2013 12:43:31.762 I: [Mysql->query] 1 records
08.04.2013 12:43:31.763 I: There are 1 patterns.
08.04.2013 12:43:31.766 I: Process pattern 379 / 1 emails.
08.04.2013 12:43:31.766 I: [Mysql->query] SELECT * FROM mailing WHERE (begin IS NULL OR begin<=CURRENT_TIMESTAMP) AND (end IS NULL OR end>=CURRENT_TIMESTAMP) AND transferred IS NULL AND sent IS NULL AND mailing_pattern_id=379 ORDER BY created, priority LIMIT 0,75
08.04.2013 12:43:31.767 I: [Mysql->query] 1 records
08.04.2013 12:43:31.768 I: There are 1 emails. Sending / transferring ...
08.04.2013 12:44:26.619 I: Mailing 1189 has transferred successfully at 2013-04-08 12:43:39...
08.04.2013 12:44:27.007 I: [Mysql->query] UPDATE `mailing` SET `remote_id`='02A37066641414B0D2D424637454C548',`transferred`='2013-04-08 12:43:39',`sent`=NULL,`result`=NULL WHERE `mailing_id`='1189'
08.04.2013 12:44:27.017 I: [Mysql->query] Rows matched: 1  Changed: 1  Warnings: 0
08.04.2013 12:44:28.328 I: Mailing 1189 has updated successfully ...
08.04.2013 12:44:28.655 I: MaxCounter=1 Counter=1
08.04.2013 12:44:29.712 I: Execution time is 61.801227092743
