08.04.2013 12:55:44.381 I: --------------------------------------------------
08.04.2013 12:55:44.381 I: Connect to Database ...
08.04.2013 12:55:44.398 I: Connected.
08.04.2013 12:55:44.399 I: [Mysql->query] set names utf8
08.04.2013 12:55:44.399 I: [Mysql->query] 1 records
08.04.2013 12:55:44.399 I: [Mysql->query] DELETE FROM mailing WHERE created<=ADDDATE(CURRENT_TIMESTAMP, INTERVAL -7 DAY) AND sent IS NOT NULL;
08.04.2013 12:55:44.400 I: [Mysql->query] 1 records
08.04.2013 12:55:44.400 I: [Mysql->query] DELETE FROM mailing_patterns WHERE mailing_pattern_id NOT IN (SELECT DISTINCT(mailing_pattern_id) FROM mailing WHERE created>ADDDATE(CURRENT_TIMESTAMP, INTERVAL -7 DAY) AND sent IS NULL);
08.04.2013 12:55:44.401 I: [Mysql->query] 1 records
08.04.2013 12:55:44.401 I: [Mysql->query] SELECT mailing_id, remote_id FROM mailing WHERE (begin IS NULL OR begin<=CURRENT_TIMESTAMP) AND (end IS NULL OR end>=CURRENT_TIMESTAMP) AND remote_id IS NOT NULL AND transferred IS NOT NULL AND sent IS NULL ORDER BY transferred
08.04.2013 12:55:44.401 I: [Mysql->query] 1 records
08.04.2013 12:55:46.228 I: Mailing 1189 has sent successfully at 2013-04-08 03:00:00...
08.04.2013 12:55:46.229 I: [Mysql->query] UPDATE `mailing` SET `sent`='2013-04-08 03:00:00',`result`=NULL WHERE `mailing_id`='1189'AND`remote_id`='D8E8C5E336476F76169DA84E0A764540'
08.04.2013 12:55:46.231 I: [Mysql->query] Rows matched: 1  Changed: 1  Warnings: 0
08.04.2013 12:55:46.231 I: Mailing 1189 has updated successfully ...
08.04.2013 12:55:46.232 I: Mailing 1190 has sent successfully at 2013-04-08 03:00:00...
08.04.2013 12:55:46.233 I: [Mysql->query] UPDATE `mailing` SET `sent`='2013-04-08 03:00:00',`result`=NULL WHERE `mailing_id`='1190'AND`remote_id`='D8E8C5E336476F76169DA84E0A764540'
08.04.2013 12:55:46.234 I: [Mysql->query] Rows matched: 1  Changed: 1  Warnings: 0
08.04.2013 12:55:46.235 I: Mailing 1190 has updated successfully ...
08.04.2013 12:55:46.235 I: [Mysql->query] SELECT mp.*, t.rest_count, t.min_created, t.min_priority FROM (SELECT mailing_pattern_id, COUNT(*) as rest_count, MIN(created) as min_created, MIN(priority) as min_priority FROM mailing WHERE (begin IS NULL OR begin<=CURRENT_TIMESTAMP) AND (end IS NULL OR end>=CURRENT_TIMESTAMP) AND transferred IS NULL AND sent IS NULL GROUP BY 1) t LEFT JOIN mailing_patterns mp on mp.mailing_pattern_id=t.mailing_pattern_id ORDER BY t.min_created, t.min_priority
08.04.2013 12:55:46.236 I: [Mysql->query] 1 records
08.04.2013 12:55:46.236 I: There is nothing to worry about
08.04.2013 12:55:46.237 I: Execution time is 1.8554840087891
