12.04.2013 14:31:36.885 I: --------------------------------------------------
12.04.2013 14:31:36.886 I: Connect to Database ...
12.04.2013 14:31:36.887 I: Connected.
12.04.2013 14:31:36.887 I: [Mysql->query] set names utf8
12.04.2013 14:31:36.888 I: [Mysql->query] DELETE FROM mailing WHERE created<=ADDDATE(CURRENT_TIMESTAMP, INTERVAL -7 DAY) AND sent IS NOT NULL;
12.04.2013 14:31:36.888 I: [Mysql->query] DELETE FROM mailing_patterns WHERE mailing_pattern_id NOT IN (SELECT DISTINCT(mailing_pattern_id) FROM mailing WHERE created>ADDDATE(CURRENT_TIMESTAMP, INTERVAL -7 DAY) AND sent IS NULL);
12.04.2013 14:31:36.890 I: [Mysql->query] SELECT mailing_id, remote_id FROM mailing WHERE (begin IS NULL OR begin<=CURRENT_TIMESTAMP) AND (end IS NULL OR end>=CURRENT_TIMESTAMP) AND remote_id IS NOT NULL AND transferred IS NOT NULL AND sent IS NULL ORDER BY transferred
12.04.2013 14:31:36.890 I: [Mysql->query] SELECT mp.*, t.rest_count, t.min_created, t.min_priority FROM (SELECT mailing_pattern_id, COUNT(*) as rest_count, MIN(created) as min_created, MIN(priority) as min_priority FROM mailing WHERE (begin IS NULL OR begin<=CURRENT_TIMESTAMP) AND (end IS NULL OR end>=CURRENT_TIMESTAMP) AND transferred IS NULL AND sent IS NULL GROUP BY 1) t LEFT JOIN mailing_patterns mp on mp.mailing_pattern_id=t.mailing_pattern_id ORDER BY t.min_created, t.min_priority
12.04.2013 14:31:36.891 I: There are 1 patterns.
12.04.2013 14:31:36.892 I: Process pattern 382 / 2 emails.
12.04.2013 14:31:36.892 I: [Mysql->query] SELECT * FROM mailing WHERE (begin IS NULL OR begin<=CURRENT_TIMESTAMP) AND (end IS NULL OR end>=CURRENT_TIMESTAMP) AND transferred IS NULL AND sent IS NULL AND mailing_pattern_id=382 ORDER BY created, priority LIMIT 0,3000
12.04.2013 14:31:36.893 I: There are 2 emails. Sending / transferring ...
12.04.2013 14:31:39.014 I: Mailing 1194 has transferred successfully at 2013-04-12 14:31:35...
12.04.2013 14:31:39.014 I: [Mysql->query] UPDATE `mailing` SET `remote_id`='9E67A8DB83C5749B8337BCF01C9EE77C',`transferred`='2013-04-12 14:31:35',`sent`=NULL,`result`=NULL WHERE `mailing_id`='1194'
12.04.2013 14:31:39.017 I: [Mysql->query] Rows matched: 1  Changed: 1  Warnings: 0
12.04.2013 14:31:39.018 I: Mailing 1194 has updated successfully ...
12.04.2013 14:31:39.018 I: Mailing 1195 has transferred successfully at 2013-04-12 14:31:35...
12.04.2013 14:31:39.018 I: [Mysql->query] UPDATE `mailing` SET `remote_id`='9E67A8DB83C5749B8337BCF01C9EE77C',`transferred`='2013-04-12 14:31:35',`sent`=NULL,`result`=NULL WHERE `mailing_id`='1195'
12.04.2013 14:31:39.022 I: [Mysql->query] Rows matched: 1  Changed: 1  Warnings: 0
12.04.2013 14:31:39.023 I: Mailing 1195 has updated successfully ...
12.04.2013 14:31:39.023 I: MaxCounter=2 Counter=4
12.04.2013 14:31:39.024 I: Execution time is 2.1387469768524
